This file contains any messages produced by compilers while
running configure, to aid debugging if configure makes a mistake.

It was created by ch-htn-tools configure 1.1, which was
generated by GNU Autoconf 2.61.  Invocation command line was

  $ ./configure 

## --------- ##
## Platform. ##
## --------- ##

hostname = login-2.zaratan.umd.edu
uname -m = x86_64
uname -r = 4.18.0-553.27.1.el8_10.x86_64
uname -s = Linux
uname -v = #1 SMP Fri Oct 18 06:18:15 EDT 2024

/usr/bin/uname -p = x86_64
/bin/uname -X     = unknown

/bin/arch              = x86_64
/usr/bin/arch -k       = unknown
/usr/convex/getsysinfo = unknown
/usr/bin/hostinfo      = unknown
/bin/machine           = unknown
/usr/bin/oslevel       = unknown
/bin/universe          = unknown

PATH: /scratch/zt1/project/nau-lab/user/rli12314/CLAMA/myenv/bin
PATH: /cvmfs/hpcsw.umd.edu/spack-software/2023.11.20/linux-rhel8-x86_64/gcc-rh8-8.5.0/gcc-11.3.0-oedkmii7vhd6rbnqm6xufmg7d3jx4w6l/bin
PATH: /cvmfs/hpcsw.umd.edu/spack-software/2023.11.20/views/2023/linux-rhel8-zen2/gcc@11.3.0/python-3.10.10/compiler/linux-rhel8-zen2/gcc/11.3.0/texlive/bin/x86_64-linux
PATH: /cvmfs/hpcsw.umd.edu/spack-software/2023.11.20/views/2023/linux-rhel8-zen2/gcc@11.3.0/python-3.10.10/compiler/linux-rhel8-zen2/gcc/11.3.0/imagemagick/bin
PATH: /cvmfs/hpcsw.umd.edu/spack-software/2023.11.20/views/2023/linux-rhel8-zen2/gcc@11.3.0/python-3.10.10/compiler/linux-rhel8-zen2/gcc/11.3.0/graphviz/bin
PATH: /cvmfs/hpcsw.umd.edu/spack-software/2023.11.20/views/2023/linux-rhel8-zen2/gcc@11.3.0/python-3.10.10/compiler/linux-rhel8-zen2/gcc/11.3.0/ghostscript/bin
PATH: /cvmfs/hpcsw.umd.edu/spack-software/2023.11.20/views/2023/linux-rhel8-zen2/gcc@11.3.0/python-3.10.10/compiler/linux-rhel8-zen2/gcc/11.3.0/ffmpeg/bin
PATH: /cvmfs/hpcsw.umd.edu/spack-software/2023.11.20/views/2023/linux-rhel8-zen2/gcc@11.3.0/python-3.10.10/mpi-nocuda/linux-rhel8-zen2/gcc/11.3.0/bin
PATH: /cvmfs/hpcsw.umd.edu/spack-software/2023.11.20/views/2023/linux-rhel8-zen2/gcc@11.3.0/python-3.10.10/nompi-nocuda/linux-rhel8-zen2/gcc/11.3.0/bin
PATH: /cvmfs/hpcsw.umd.edu/spack-software/2023.11.20/views/2023/linux-rhel8-zen2/gcc@11.3.0/python-3.10.10/compiler/linux-rhel8-zen2/gcc/11.3.0/bin
PATH: /software/acigs-utilities/bin
PATH: /home/rli12314/.vscode-server/cli/servers/Stable-e54c774e0add60467559eb0d1e229c6452cf8447/server/bin/remote-cli
PATH: /software/acigs-utilities/bin
PATH: /home/rli12314/.local/bin
PATH: /home/rli12314/bin
PATH: /software/acigs-utilities/bin
PATH: /usr/share/Modules/bin
PATH: /usr/lib/heimdal/bin
PATH: /usr/local/bin
PATH: /usr/bin
PATH: /usr/local/sbin
PATH: /usr/sbin
PATH: /opt/symas/bin
PATH: /opt/dell/srvadmin/bin


## ----------- ##
## Core tests. ##
## ----------- ##

configure:2064: checking for a BSD-compatible install
configure:2120: result: /usr/bin/install -c
configure:2131: checking whether build environment is sane
configure:2174: result: yes
configure:2202: checking for a thread-safe mkdir -p
configure:2241: result: /usr/bin/mkdir -p
configure:2254: checking for gawk
configure:2270: found /usr/bin/gawk
configure:2281: result: gawk
configure:2292: checking whether make sets $(MAKE)
configure:2313: result: yes
configure:2634: checking for C++ compiler version
configure:2641: /cvmfs/hpcsw.umd.edu/spack-software/2023.11.20/linux-rhel8-x86_64/gcc-rh8-8.5.0/gcc-11.3.0-oedkmii7vhd6rbnqm6xufmg7d3jx4w6l/bin/g++ --version >&5
g++ (Spack GCC) 11.3.0
Copyright (C) 2021 Free Software Foundation, Inc.
This is free software; see the source for copying conditions.  There is NO
warranty; not even for MERCHANTABILITY or FITNESS FOR A PARTICULAR PURPOSE.

configure:2644: $? = 0
configure:2651: /cvmfs/hpcsw.umd.edu/spack-software/2023.11.20/linux-rhel8-x86_64/gcc-rh8-8.5.0/gcc-11.3.0-oedkmii7vhd6rbnqm6xufmg7d3jx4w6l/bin/g++ -v >&5
Using built-in specs.
COLLECT_GCC=/cvmfs/hpcsw.umd.edu/spack-software/2023.11.20/linux-rhel8-x86_64/gcc-rh8-8.5.0/gcc-11.3.0-oedkmii7vhd6rbnqm6xufmg7d3jx4w6l/bin/g++
COLLECT_LTO_WRAPPER=/cvmfs/hpcsw.umd.edu/spack-software/2023.11.20/linux-rhel8-x86_64/gcc-rh8-8.5.0/gcc-11.3.0-oedkmii7vhd6rbnqm6xufmg7d3jx4w6l/libexec/gcc/x86_64-pc-linux-gnu/11.3.0/lto-wrapper
OFFLOAD_TARGET_NAMES=nvptx-none
Target: x86_64-pc-linux-gnu
Configured with: /tmp/d2spackswinst/spack-stage/spack-stage-gcc-11.3.0-oedkmii7vhd6rbnqm6xufmg7d3jx4w6l/spack-src/configure --prefix=/cvmfs/hpcsw.umd.edu/spack-software/2023.11.20/linux-rhel8-x86_64/gcc-rh8-8.5.0/gcc-11.3.0-oedkmii7vhd6rbnqm6xufmg7d3jx4w6l --with-pkgversion='Spack GCC' --with-bugurl=https://github.com/spack/spack/issues --disable-multilib --enable-languages=c,c++,fortran,lto --disable-nls --disable-canonical-system-headers --with-system-zlib --with-zstd-include=/cvmfs/hpcsw.umd.edu/spack-software/2023.11.20/linux-rhel8-x86_64/gcc-rh8-8.5.0/zstd-1.5.5-wzkkx43cqx2rgb2q4hsndijgoklcjjai/include --with-zstd-lib=/cvmfs/hpcsw.umd.edu/spack-software/2023.11.20/linux-rhel8-x86_64/gcc-rh8-8.5.0/zstd-1.5.5-wzkkx43cqx2rgb2q4hsndijgoklcjjai/lib --with-gnu-ld --with-ld=/cvmfs/hpcsw.umd.edu/spack-software/2023.11.20/linux-rhel8-x86_64/gcc-rh8-8.5.0/binutils-2.41-fwflc45p6lmk6rf7pyqumtvdqn65uj2n/bin/ld --with-gnu-as --with-as=/cvmfs/hpcsw.umd.edu/spack-software/2023.11.20/linux-rhel8-x86_64/gcc-rh8-8.5.0/binutils-2.41-fwflc45p6lmk6rf7pyqumtvdqn65uj2n/bin/as --disable-bootstrap --with-mpfr-include=/cvmfs/hpcsw.umd.edu/spack-software/2023.11.20/linux-rhel8-x86_64/gcc-rh8-8.5.0/mpfr-4.2.0-2k4ypikdq7xjkgyht3iojdcrxnju75qe/include --with-mpfr-lib=/cvmfs/hpcsw.umd.edu/spack-software/2023.11.20/linux-rhel8-x86_64/gcc-rh8-8.5.0/mpfr-4.2.0-2k4ypikdq7xjkgyht3iojdcrxnju75qe/lib --with-gmp-include=/cvmfs/hpcsw.umd.edu/spack-software/2023.11.20/linux-rhel8-x86_64/gcc-rh8-8.5.0/gmp-6.2.1-4bxnugzalt4xa5oq3dajpm2thfuftdrz/include --with-gmp-lib=/cvmfs/hpcsw.umd.edu/spack-software/2023.11.20/linux-rhel8-x86_64/gcc-rh8-8.5.0/gmp-6.2.1-4bxnugzalt4xa5oq3dajpm2thfuftdrz/lib --with-mpc-include=/cvmfs/hpcsw.umd.edu/spack-software/2023.11.20/linux-rhel8-x86_64/gcc-rh8-8.5.0/mpc-1.3.1-4oql5wieaf2x4osrcgszbjttcsdpea67/include --with-mpc-lib=/cvmfs/hpcsw.umd.edu/spack-software/2023.11.20/linux-rhel8-x86_64/gcc-rh8-8.5.0/mpc-1.3.1-4oql5wieaf2x4osrcgszbjttcsdpea67/lib --with-isl-include=/cvmfs/hpcsw.umd.edu/spack-software/2023.11.20/linux-rhel8-x86_64/gcc-rh8-8.5.0/isl-0.25-pim7bjwbxjkuf733xvszrxc3tgfjrnbg/include --with-isl-lib=/cvmfs/hpcsw.umd.edu/spack-software/2023.11.20/linux-rhel8-x86_64/gcc-rh8-8.5.0/isl-0.25-pim7bjwbxjkuf733xvszrxc3tgfjrnbg/lib --enable-offload-targets=nvptx-none --with-cuda-driver-include=/cvmfs/hpcsw.umd.edu/spack-software/2023.11.20/linux-rhel8-x86_64/gcc-rh8-8.5.0/cuda-11.8.0-spzi3caydhjq5vkoomztd6li63g73ngr/include --with-cuda-driver-lib=/cvmfs/hpcsw.umd.edu/spack-software/2023.11.20/linux-rhel8-x86_64/gcc-rh8-8.5.0/cuda-11.8.0-spzi3caydhjq5vkoomztd6li63g73ngr/lib64 --disable-bootstrap --disable-multilib --with-stage1-ldflags='-Wl,-rpath,/cvmfs/hpcsw.umd.edu/spack-software/2023.11.20/linux-rhel8-x86_64/gcc-rh8-8.5.0/gcc-11.3.0-oedkmii7vhd6rbnqm6xufmg7d3jx4w6l/lib -Wl,-rpath,/cvmfs/hpcsw.umd.edu/spack-software/2023.11.20/linux-rhel8-x86_64/gcc-rh8-8.5.0/gcc-11.3.0-oedkmii7vhd6rbnqm6xufmg7d3jx4w6l/lib64 -Wl,-rpath,/cvmfs/hpcsw.umd.edu/spack-software/2023.11.20/linux-rhel8-x86_64/gcc-rh8-8.5.0/binutils-2.41-fwflc45p6lmk6rf7pyqumtvdqn65uj2n/lib -Wl,-rpath,/cvmfs/hpcsw.umd.edu/spack-software/2023.11.20/linux-rhel8-x86_64/gcc-rh8-8.5.0/gmp-6.2.1-4bxnugzalt4xa5oq3dajpm2thfuftdrz/lib -Wl,-rpath,/cvmfs/hpcsw.umd.edu/spack-software/2023.11.20/linux-rhel8-x86_64/gcc-rh8-8.5.0/isl-0.25-pim7bjwbxjkuf733xvszrxc3tgfjrnbg/lib -Wl,-rpath,/cvmfs/hpcsw.umd.edu/spack-software/2023.11.20/linux-rhel8-x86_64/gcc-rh8-8.5.0/mpc-1.3.1-4oql5wieaf2x4osrcgszbjttcsdpea67/lib -Wl,-rpath,/cvmfs/hpcsw.umd.edu/spack-software/2023.11.20/linux-rhel8-x86_64/gcc-rh8-8.5.0/mpfr-4.2.0-2k4ypikdq7xjkgyht3iojdcrxnju75qe/lib -Wl,-rpath,/cvmfs/hpcsw.umd.edu/spack-software/2023.11.20/linux-rhel8-x86_64/gcc-rh8-8.5.0/zlib-ng-2.1.4-kal7qssrruepktmcryuvixfemov7pa4d/lib -Wl,-rpath,/cvmfs/hpcsw.umd.edu/spack-software/2023.11.20/linux-rhel8-x86_64/gcc-rh8-8.5.0/zstd-1.5.5-wzkkx43cqx2rgb2q4hsndijgoklcjjai/lib -Wl,-rpath,/cvmfs/hpcsw.umd.edu/spack-software/2023.11.20/linux-rhel8-x86_64/gcc-rh8-8.5.0/cuda-11.8.0-spzi3caydhjq5vkoomztd6li63g73ngr/lib64' --with-boot-ldflags='-Wl,-rpath,/cvmfs/hpcsw.umd.edu/spack-software/2023.11.20/linux-rhel8-x86_64/gcc-rh8-8.5.0/gcc-11.3.0-oedkmii7vhd6rbnqm6xufmg7d3jx4w6l/lib -Wl,-rpath,/cvmfs/hpcsw.umd.edu/spack-software/2023.11.20/linux-rhel8-x86_64/gcc-rh8-8.5.0/gcc-11.3.0-oedkmii7vhd6rbnqm6xufmg7d3jx4w6l/lib64 -Wl,-rpath,/cvmfs/hpcsw.umd.edu/spack-software/2023.11.20/linux-rhel8-x86_64/gcc-rh8-8.5.0/binutils-2.41-fwflc45p6lmk6rf7pyqumtvdqn65uj2n/lib -Wl,-rpath,/cvmfs/hpcsw.umd.edu/spack-software/2023.11.20/linux-rhel8-x86_64/gcc-rh8-8.5.0/gmp-6.2.1-4bxnugzalt4xa5oq3dajpm2thfuftdrz/lib -Wl,-rpath,/cvmfs/hpcsw.umd.edu/spack-software/2023.11.20/linux-rhel8-x86_64/gcc-rh8-8.5.0/isl-0.25-pim7bjwbxjkuf733xvszrxc3tgfjrnbg/lib -Wl,-rpath,/cvmfs/hpcsw.umd.edu/spack-software/2023.11.20/linux-rhel8-x86_64/gcc-rh8-8.5.0/mpc-1.3.1-4oql5wieaf2x4osrcgszbjttcsdpea67/lib -Wl,-rpath,/cvmfs/hpcsw.umd.edu/spack-software/2023.11.20/linux-rhel8-x86_64/gcc-rh8-8.5.0/mpfr-4.2.0-2k4ypikdq7xjkgyht3iojdcrxnju75qe/lib -Wl,-rpath,/cvmfs/hpcsw.umd.edu/spack-software/2023.11.20/linux-rhel8-x86_64/gcc-rh8-8.5.0/zlib-ng-2.1.4-kal7qssrruepktmcryuvixfemov7pa4d/lib -Wl,-rpath,/cvmfs/hpcsw.umd.edu/spack-software/2023.11.20/linux-rhel8-x86_64/gcc-rh8-8.5.0/zstd-1.5.5-wzkkx43cqx2rgb2q4hsndijgoklcjjai/lib -Wl,-rpath,/cvmfs/hpcsw.umd.edu/spack-software/2023.11.20/linux-rhel8-x86_64/gcc-rh8-8.5.0/cuda-11.8.0-spzi3caydhjq5vkoomztd6li63g73ngr/lib64 -static-libstdc++ -static-libgcc' --with-build-config=spack
Thread model: posix
Supported LTO compression algorithms: zlib zstd
gcc version 11.3.0 (Spack GCC) 
configure:2654: $? = 0
configure:2661: /cvmfs/hpcsw.umd.edu/spack-software/2023.11.20/linux-rhel8-x86_64/gcc-rh8-8.5.0/gcc-11.3.0-oedkmii7vhd6rbnqm6xufmg7d3jx4w6l/bin/g++ -V >&5
g++: error: unrecognized command-line option '-V'
g++: fatal error: no input files
compilation terminated.
configure:2664: $? = 1
configure:2687: checking for C++ compiler default output file name
configure:2714: /cvmfs/hpcsw.umd.edu/spack-software/2023.11.20/linux-rhel8-x86_64/gcc-rh8-8.5.0/gcc-11.3.0-oedkmii7vhd6rbnqm6xufmg7d3jx4w6l/bin/g++    conftest.cpp  >&5
configure:2717: $? = 0
configure:2755: result: a.out
configure:2772: checking whether the C++ compiler works
configure:2782: ./a.out
configure:2785: $? = 0
configure:2802: result: yes
configure:2809: checking whether we are cross compiling
configure:2811: result: no
configure:2814: checking for suffix of executables
configure:2821: /cvmfs/hpcsw.umd.edu/spack-software/2023.11.20/linux-rhel8-x86_64/gcc-rh8-8.5.0/gcc-11.3.0-oedkmii7vhd6rbnqm6xufmg7d3jx4w6l/bin/g++ -o conftest    conftest.cpp  >&5
configure:2824: $? = 0
configure:2848: result: 
configure:2854: checking for suffix of object files
configure:2880: /cvmfs/hpcsw.umd.edu/spack-software/2023.11.20/linux-rhel8-x86_64/gcc-rh8-8.5.0/gcc-11.3.0-oedkmii7vhd6rbnqm6xufmg7d3jx4w6l/bin/g++ -c   conftest.cpp >&5
configure:2883: $? = 0
configure:2906: result: o
configure:2910: checking whether we are using the GNU C++ compiler
configure:2939: /cvmfs/hpcsw.umd.edu/spack-software/2023.11.20/linux-rhel8-x86_64/gcc-rh8-8.5.0/gcc-11.3.0-oedkmii7vhd6rbnqm6xufmg7d3jx4w6l/bin/g++ -c   conftest.cpp >&5
configure:2945: $? = 0
configure:2962: result: yes
configure:2967: checking whether /cvmfs/hpcsw.umd.edu/spack-software/2023.11.20/linux-rhel8-x86_64/gcc-rh8-8.5.0/gcc-11.3.0-oedkmii7vhd6rbnqm6xufmg7d3jx4w6l/bin/g++ accepts -g
configure:2997: /cvmfs/hpcsw.umd.edu/spack-software/2023.11.20/linux-rhel8-x86_64/gcc-rh8-8.5.0/gcc-11.3.0-oedkmii7vhd6rbnqm6xufmg7d3jx4w6l/bin/g++ -c -g  conftest.cpp >&5
configure:3003: $? = 0
configure:3102: result: yes
configure:3136: checking for style of include used by make
configure:3164: result: GNU
configure:3189: checking dependency style of /cvmfs/hpcsw.umd.edu/spack-software/2023.11.20/linux-rhel8-x86_64/gcc-rh8-8.5.0/gcc-11.3.0-oedkmii7vhd6rbnqm6xufmg7d3jx4w6l/bin/g++
configure:3280: result: gcc3
configure:3373: checking build system type
configure:3391: result: x86_64-unknown-linux-gnu
configure:3413: checking host system type
configure:3428: result: x86_64-unknown-linux-gnu
configure:3498: checking for gcc
configure:3525: result: /cvmfs/hpcsw.umd.edu/spack-software/2023.11.20/linux-rhel8-x86_64/gcc-rh8-8.5.0/gcc-11.3.0-oedkmii7vhd6rbnqm6xufmg7d3jx4w6l/bin/gcc
configure:3763: checking for C compiler version
configure:3770: /cvmfs/hpcsw.umd.edu/spack-software/2023.11.20/linux-rhel8-x86_64/gcc-rh8-8.5.0/gcc-11.3.0-oedkmii7vhd6rbnqm6xufmg7d3jx4w6l/bin/gcc --version >&5
gcc (Spack GCC) 11.3.0
Copyright (C) 2021 Free Software Foundation, Inc.
This is free software; see the source for copying conditions.  There is NO
warranty; not even for MERCHANTABILITY or FITNESS FOR A PARTICULAR PURPOSE.

configure:3773: $? = 0
configure:3780: /cvmfs/hpcsw.umd.edu/spack-software/2023.11.20/linux-rhel8-x86_64/gcc-rh8-8.5.0/gcc-11.3.0-oedkmii7vhd6rbnqm6xufmg7d3jx4w6l/bin/gcc -v >&5
Using built-in specs.
COLLECT_GCC=/cvmfs/hpcsw.umd.edu/spack-software/2023.11.20/linux-rhel8-x86_64/gcc-rh8-8.5.0/gcc-11.3.0-oedkmii7vhd6rbnqm6xufmg7d3jx4w6l/bin/gcc
COLLECT_LTO_WRAPPER=/cvmfs/hpcsw.umd.edu/spack-software/2023.11.20/linux-rhel8-x86_64/gcc-rh8-8.5.0/gcc-11.3.0-oedkmii7vhd6rbnqm6xufmg7d3jx4w6l/libexec/gcc/x86_64-pc-linux-gnu/11.3.0/lto-wrapper
OFFLOAD_TARGET_NAMES=nvptx-none
Target: x86_64-pc-linux-gnu
Configured with: /tmp/d2spackswinst/spack-stage/spack-stage-gcc-11.3.0-oedkmii7vhd6rbnqm6xufmg7d3jx4w6l/spack-src/configure --prefix=/cvmfs/hpcsw.umd.edu/spack-software/2023.11.20/linux-rhel8-x86_64/gcc-rh8-8.5.0/gcc-11.3.0-oedkmii7vhd6rbnqm6xufmg7d3jx4w6l --with-pkgversion='Spack GCC' --with-bugurl=https://github.com/spack/spack/issues --disable-multilib --enable-languages=c,c++,fortran,lto --disable-nls --disable-canonical-system-headers --with-system-zlib --with-zstd-include=/cvmfs/hpcsw.umd.edu/spack-software/2023.11.20/linux-rhel8-x86_64/gcc-rh8-8.5.0/zstd-1.5.5-wzkkx43cqx2rgb2q4hsndijgoklcjjai/include --with-zstd-lib=/cvmfs/hpcsw.umd.edu/spack-software/2023.11.20/linux-rhel8-x86_64/gcc-rh8-8.5.0/zstd-1.5.5-wzkkx43cqx2rgb2q4hsndijgoklcjjai/lib --with-gnu-ld --with-ld=/cvmfs/hpcsw.umd.edu/spack-software/2023.11.20/linux-rhel8-x86_64/gcc-rh8-8.5.0/binutils-2.41-fwflc45p6lmk6rf7pyqumtvdqn65uj2n/bin/ld --with-gnu-as --with-as=/cvmfs/hpcsw.umd.edu/spack-software/2023.11.20/linux-rhel8-x86_64/gcc-rh8-8.5.0/binutils-2.41-fwflc45p6lmk6rf7pyqumtvdqn65uj2n/bin/as --disable-bootstrap --with-mpfr-include=/cvmfs/hpcsw.umd.edu/spack-software/2023.11.20/linux-rhel8-x86_64/gcc-rh8-8.5.0/mpfr-4.2.0-2k4ypikdq7xjkgyht3iojdcrxnju75qe/include --with-mpfr-lib=/cvmfs/hpcsw.umd.edu/spack-software/2023.11.20/linux-rhel8-x86_64/gcc-rh8-8.5.0/mpfr-4.2.0-2k4ypikdq7xjkgyht3iojdcrxnju75qe/lib --with-gmp-include=/cvmfs/hpcsw.umd.edu/spack-software/2023.11.20/linux-rhel8-x86_64/gcc-rh8-8.5.0/gmp-6.2.1-4bxnugzalt4xa5oq3dajpm2thfuftdrz/include --with-gmp-lib=/cvmfs/hpcsw.umd.edu/spack-software/2023.11.20/linux-rhel8-x86_64/gcc-rh8-8.5.0/gmp-6.2.1-4bxnugzalt4xa5oq3dajpm2thfuftdrz/lib --with-mpc-include=/cvmfs/hpcsw.umd.edu/spack-software/2023.11.20/linux-rhel8-x86_64/gcc-rh8-8.5.0/mpc-1.3.1-4oql5wieaf2x4osrcgszbjttcsdpea67/include --with-mpc-lib=/cvmfs/hpcsw.umd.edu/spack-software/2023.11.20/linux-rhel8-x86_64/gcc-rh8-8.5.0/mpc-1.3.1-4oql5wieaf2x4osrcgszbjttcsdpea67/lib --with-isl-include=/cvmfs/hpcsw.umd.edu/spack-software/2023.11.20/linux-rhel8-x86_64/gcc-rh8-8.5.0/isl-0.25-pim7bjwbxjkuf733xvszrxc3tgfjrnbg/include --with-isl-lib=/cvmfs/hpcsw.umd.edu/spack-software/2023.11.20/linux-rhel8-x86_64/gcc-rh8-8.5.0/isl-0.25-pim7bjwbxjkuf733xvszrxc3tgfjrnbg/lib --enable-offload-targets=nvptx-none --with-cuda-driver-include=/cvmfs/hpcsw.umd.edu/spack-software/2023.11.20/linux-rhel8-x86_64/gcc-rh8-8.5.0/cuda-11.8.0-spzi3caydhjq5vkoomztd6li63g73ngr/include --with-cuda-driver-lib=/cvmfs/hpcsw.umd.edu/spack-software/2023.11.20/linux-rhel8-x86_64/gcc-rh8-8.5.0/cuda-11.8.0-spzi3caydhjq5vkoomztd6li63g73ngr/lib64 --disable-bootstrap --disable-multilib --with-stage1-ldflags='-Wl,-rpath,/cvmfs/hpcsw.umd.edu/spack-software/2023.11.20/linux-rhel8-x86_64/gcc-rh8-8.5.0/gcc-11.3.0-oedkmii7vhd6rbnqm6xufmg7d3jx4w6l/lib -Wl,-rpath,/cvmfs/hpcsw.umd.edu/spack-software/2023.11.20/linux-rhel8-x86_64/gcc-rh8-8.5.0/gcc-11.3.0-oedkmii7vhd6rbnqm6xufmg7d3jx4w6l/lib64 -Wl,-rpath,/cvmfs/hpcsw.umd.edu/spack-software/2023.11.20/linux-rhel8-x86_64/gcc-rh8-8.5.0/binutils-2.41-fwflc45p6lmk6rf7pyqumtvdqn65uj2n/lib -Wl,-rpath,/cvmfs/hpcsw.umd.edu/spack-software/2023.11.20/linux-rhel8-x86_64/gcc-rh8-8.5.0/gmp-6.2.1-4bxnugzalt4xa5oq3dajpm2thfuftdrz/lib -Wl,-rpath,/cvmfs/hpcsw.umd.edu/spack-software/2023.11.20/linux-rhel8-x86_64/gcc-rh8-8.5.0/isl-0.25-pim7bjwbxjkuf733xvszrxc3tgfjrnbg/lib -Wl,-rpath,/cvmfs/hpcsw.umd.edu/spack-software/2023.11.20/linux-rhel8-x86_64/gcc-rh8-8.5.0/mpc-1.3.1-4oql5wieaf2x4osrcgszbjttcsdpea67/lib -Wl,-rpath,/cvmfs/hpcsw.umd.edu/spack-software/2023.11.20/linux-rhel8-x86_64/gcc-rh8-8.5.0/mpfr-4.2.0-2k4ypikdq7xjkgyht3iojdcrxnju75qe/lib -Wl,-rpath,/cvmfs/hpcsw.umd.edu/spack-software/2023.11.20/linux-rhel8-x86_64/gcc-rh8-8.5.0/zlib-ng-2.1.4-kal7qssrruepktmcryuvixfemov7pa4d/lib -Wl,-rpath,/cvmfs/hpcsw.umd.edu/spack-software/2023.11.20/linux-rhel8-x86_64/gcc-rh8-8.5.0/zstd-1.5.5-wzkkx43cqx2rgb2q4hsndijgoklcjjai/lib -Wl,-rpath,/cvmfs/hpcsw.umd.edu/spack-software/2023.11.20/linux-rhel8-x86_64/gcc-rh8-8.5.0/cuda-11.8.0-spzi3caydhjq5vkoomztd6li63g73ngr/lib64' --with-boot-ldflags='-Wl,-rpath,/cvmfs/hpcsw.umd.edu/spack-software/2023.11.20/linux-rhel8-x86_64/gcc-rh8-8.5.0/gcc-11.3.0-oedkmii7vhd6rbnqm6xufmg7d3jx4w6l/lib -Wl,-rpath,/cvmfs/hpcsw.umd.edu/spack-software/2023.11.20/linux-rhel8-x86_64/gcc-rh8-8.5.0/gcc-11.3.0-oedkmii7vhd6rbnqm6xufmg7d3jx4w6l/lib64 -Wl,-rpath,/cvmfs/hpcsw.umd.edu/spack-software/2023.11.20/linux-rhel8-x86_64/gcc-rh8-8.5.0/binutils-2.41-fwflc45p6lmk6rf7pyqumtvdqn65uj2n/lib -Wl,-rpath,/cvmfs/hpcsw.umd.edu/spack-software/2023.11.20/linux-rhel8-x86_64/gcc-rh8-8.5.0/gmp-6.2.1-4bxnugzalt4xa5oq3dajpm2thfuftdrz/lib -Wl,-rpath,/cvmfs/hpcsw.umd.edu/spack-software/2023.11.20/linux-rhel8-x86_64/gcc-rh8-8.5.0/isl-0.25-pim7bjwbxjkuf733xvszrxc3tgfjrnbg/lib -Wl,-rpath,/cvmfs/hpcsw.umd.edu/spack-software/2023.11.20/linux-rhel8-x86_64/gcc-rh8-8.5.0/mpc-1.3.1-4oql5wieaf2x4osrcgszbjttcsdpea67/lib -Wl,-rpath,/cvmfs/hpcsw.umd.edu/spack-software/2023.11.20/linux-rhel8-x86_64/gcc-rh8-8.5.0/mpfr-4.2.0-2k4ypikdq7xjkgyht3iojdcrxnju75qe/lib -Wl,-rpath,/cvmfs/hpcsw.umd.edu/spack-software/2023.11.20/linux-rhel8-x86_64/gcc-rh8-8.5.0/zlib-ng-2.1.4-kal7qssrruepktmcryuvixfemov7pa4d/lib -Wl,-rpath,/cvmfs/hpcsw.umd.edu/spack-software/2023.11.20/linux-rhel8-x86_64/gcc-rh8-8.5.0/zstd-1.5.5-wzkkx43cqx2rgb2q4hsndijgoklcjjai/lib -Wl,-rpath,/cvmfs/hpcsw.umd.edu/spack-software/2023.11.20/linux-rhel8-x86_64/gcc-rh8-8.5.0/cuda-11.8.0-spzi3caydhjq5vkoomztd6li63g73ngr/lib64 -static-libstdc++ -static-libgcc' --with-build-config=spack
Thread model: posix
Supported LTO compression algorithms: zlib zstd
gcc version 11.3.0 (Spack GCC) 
configure:3783: $? = 0
configure:3790: /cvmfs/hpcsw.umd.edu/spack-software/2023.11.20/linux-rhel8-x86_64/gcc-rh8-8.5.0/gcc-11.3.0-oedkmii7vhd6rbnqm6xufmg7d3jx4w6l/bin/gcc -V >&5
gcc: error: unrecognized command-line option '-V'
gcc: fatal error: no input files
compilation terminated.
configure:3793: $? = 1
configure:3796: checking whether we are using the GNU C compiler
configure:3825: /cvmfs/hpcsw.umd.edu/spack-software/2023.11.20/linux-rhel8-x86_64/gcc-rh8-8.5.0/gcc-11.3.0-oedkmii7vhd6rbnqm6xufmg7d3jx4w6l/bin/gcc -c   conftest.c >&5
configure:3831: $? = 0
configure:3848: result: yes
configure:3853: checking whether /cvmfs/hpcsw.umd.edu/spack-software/2023.11.20/linux-rhel8-x86_64/gcc-rh8-8.5.0/gcc-11.3.0-oedkmii7vhd6rbnqm6xufmg7d3jx4w6l/bin/gcc accepts -g
configure:3883: /cvmfs/hpcsw.umd.edu/spack-software/2023.11.20/linux-rhel8-x86_64/gcc-rh8-8.5.0/gcc-11.3.0-oedkmii7vhd6rbnqm6xufmg7d3jx4w6l/bin/gcc -c -g  conftest.c >&5
configure:3889: $? = 0
configure:3988: result: yes
configure:4005: checking for /cvmfs/hpcsw.umd.edu/spack-software/2023.11.20/linux-rhel8-x86_64/gcc-rh8-8.5.0/gcc-11.3.0-oedkmii7vhd6rbnqm6xufmg7d3jx4w6l/bin/gcc option to accept ISO C89
configure:4079: /cvmfs/hpcsw.umd.edu/spack-software/2023.11.20/linux-rhel8-x86_64/gcc-rh8-8.5.0/gcc-11.3.0-oedkmii7vhd6rbnqm6xufmg7d3jx4w6l/bin/gcc  -c -g -O2  conftest.c >&5
configure:4085: $? = 0
configure:4108: result: none needed
configure:4128: checking dependency style of /cvmfs/hpcsw.umd.edu/spack-software/2023.11.20/linux-rhel8-x86_64/gcc-rh8-8.5.0/gcc-11.3.0-oedkmii7vhd6rbnqm6xufmg7d3jx4w6l/bin/gcc
configure:4219: result: gcc3
configure:4234: checking for a sed that does not truncate output
configure:4290: result: /usr/bin/sed
configure:4293: checking for grep that handles long lines and -e
configure:4367: result: /usr/bin/grep
configure:4372: checking for egrep
configure:4450: result: /usr/bin/grep -E
configure:4466: checking for ld used by /cvmfs/hpcsw.umd.edu/spack-software/2023.11.20/linux-rhel8-x86_64/gcc-rh8-8.5.0/gcc-11.3.0-oedkmii7vhd6rbnqm6xufmg7d3jx4w6l/bin/gcc
configure:4533: result: /cvmfs/hpcsw.umd.edu/spack-software/2023.11.20/linux-rhel8-x86_64/gcc-rh8-8.5.0/binutils-2.41-fwflc45p6lmk6rf7pyqumtvdqn65uj2n/bin/ld
configure:4542: checking if the linker (/cvmfs/hpcsw.umd.edu/spack-software/2023.11.20/linux-rhel8-x86_64/gcc-rh8-8.5.0/binutils-2.41-fwflc45p6lmk6rf7pyqumtvdqn65uj2n/bin/ld) is GNU ld
configure:4557: result: yes
configure:4562: checking for /cvmfs/hpcsw.umd.edu/spack-software/2023.11.20/linux-rhel8-x86_64/gcc-rh8-8.5.0/binutils-2.41-fwflc45p6lmk6rf7pyqumtvdqn65uj2n/bin/ld option to reload object files
configure:4569: result: -r
configure:4587: checking for BSD-compatible nm
configure:4636: result: /usr/bin/nm -B
configure:4640: checking whether ln -s works
configure:4644: result: yes
configure:4651: checking how to recognize dependent libraries
configure:4837: result: pass_all
configure:4926: /cvmfs/hpcsw.umd.edu/spack-software/2023.11.20/linux-rhel8-x86_64/gcc-rh8-8.5.0/gcc-11.3.0-oedkmii7vhd6rbnqm6xufmg7d3jx4w6l/bin/gcc -c -g -O2  conftest.c >&5
configure:4929: $? = 0
configure:5082: checking how to run the C preprocessor
configure:5122: /cvmfs/hpcsw.umd.edu/spack-software/2023.11.20/linux-rhel8-x86_64/gcc-rh8-8.5.0/gcc-11.3.0-oedkmii7vhd6rbnqm6xufmg7d3jx4w6l/bin/gcc -E  conftest.c
configure:5128: $? = 0
configure:5159: /cvmfs/hpcsw.umd.edu/spack-software/2023.11.20/linux-rhel8-x86_64/gcc-rh8-8.5.0/gcc-11.3.0-oedkmii7vhd6rbnqm6xufmg7d3jx4w6l/bin/gcc -E  conftest.c
conftest.c:10:10: fatal error: ac_nonexistent.h: No such file or directory
   10 | #include <ac_nonexistent.h>
      |          ^~~~~~~~~~~~~~~~~~
compilation terminated.
configure:5165: $? = 1
configure: failed program was:
| /* confdefs.h.  */
| #define PACKAGE_NAME "ch-htn-tools"
| #define PACKAGE_TARNAME "ch-htn-tools"
| #define PACKAGE_VERSION "1.1"
| #define PACKAGE_STRING "ch-htn-tools 1.1"
| #define PACKAGE_BUGREPORT "cmh204@lehigh.edu"
| #define PACKAGE "ch-htn-tools"
| #define VERSION "1.1"
| /* end confdefs.h.  */
| #include <ac_nonexistent.h>
configure:5198: result: /cvmfs/hpcsw.umd.edu/spack-software/2023.11.20/linux-rhel8-x86_64/gcc-rh8-8.5.0/gcc-11.3.0-oedkmii7vhd6rbnqm6xufmg7d3jx4w6l/bin/gcc -E
configure:5227: /cvmfs/hpcsw.umd.edu/spack-software/2023.11.20/linux-rhel8-x86_64/gcc-rh8-8.5.0/gcc-11.3.0-oedkmii7vhd6rbnqm6xufmg7d3jx4w6l/bin/gcc -E  conftest.c
configure:5233: $? = 0
configure:5264: /cvmfs/hpcsw.umd.edu/spack-software/2023.11.20/linux-rhel8-x86_64/gcc-rh8-8.5.0/gcc-11.3.0-oedkmii7vhd6rbnqm6xufmg7d3jx4w6l/bin/gcc -E  conftest.c
conftest.c:10:10: fatal error: ac_nonexistent.h: No such file or directory
   10 | #include <ac_nonexistent.h>
      |          ^~~~~~~~~~~~~~~~~~
compilation terminated.
configure:5270: $? = 1
configure: failed program was:
| /* confdefs.h.  */
| #define PACKAGE_NAME "ch-htn-tools"
| #define PACKAGE_TARNAME "ch-htn-tools"
| #define PACKAGE_VERSION "1.1"
| #define PACKAGE_STRING "ch-htn-tools 1.1"
| #define PACKAGE_BUGREPORT "cmh204@lehigh.edu"
| #define PACKAGE "ch-htn-tools"
| #define VERSION "1.1"
| /* end confdefs.h.  */
| #include <ac_nonexistent.h>
configure:5308: checking for ANSI C header files
configure:5338: /cvmfs/hpcsw.umd.edu/spack-software/2023.11.20/linux-rhel8-x86_64/gcc-rh8-8.5.0/gcc-11.3.0-oedkmii7vhd6rbnqm6xufmg7d3jx4w6l/bin/gcc -c -g -O2  conftest.c >&5
configure:5344: $? = 0
configure:5443: /cvmfs/hpcsw.umd.edu/spack-software/2023.11.20/linux-rhel8-x86_64/gcc-rh8-8.5.0/gcc-11.3.0-oedkmii7vhd6rbnqm6xufmg7d3jx4w6l/bin/gcc -o conftest -g -O2   conftest.c  >&5
configure:5446: $? = 0
configure:5452: ./conftest
configure:5455: $? = 0
configure:5472: result: yes
configure:5496: checking for sys/types.h
configure:5517: /cvmfs/hpcsw.umd.edu/spack-software/2023.11.20/linux-rhel8-x86_64/gcc-rh8-8.5.0/gcc-11.3.0-oedkmii7vhd6rbnqm6xufmg7d3jx4w6l/bin/gcc -c -g -O2  conftest.c >&5
configure:5523: $? = 0
configure:5539: result: yes
configure:5496: checking for sys/stat.h
configure:5517: /cvmfs/hpcsw.umd.edu/spack-software/2023.11.20/linux-rhel8-x86_64/gcc-rh8-8.5.0/gcc-11.3.0-oedkmii7vhd6rbnqm6xufmg7d3jx4w6l/bin/gcc -c -g -O2  conftest.c >&5
configure:5523: $? = 0
configure:5539: result: yes
configure:5496: checking for stdlib.h
configure:5517: /cvmfs/hpcsw.umd.edu/spack-software/2023.11.20/linux-rhel8-x86_64/gcc-rh8-8.5.0/gcc-11.3.0-oedkmii7vhd6rbnqm6xufmg7d3jx4w6l/bin/gcc -c -g -O2  conftest.c >&5
configure:5523: $? = 0
configure:5539: result: yes
configure:5496: checking for string.h
configure:5517: /cvmfs/hpcsw.umd.edu/spack-software/2023.11.20/linux-rhel8-x86_64/gcc-rh8-8.5.0/gcc-11.3.0-oedkmii7vhd6rbnqm6xufmg7d3jx4w6l/bin/gcc -c -g -O2  conftest.c >&5
configure:5523: $? = 0
configure:5539: result: yes
configure:5496: checking for memory.h
configure:5517: /cvmfs/hpcsw.umd.edu/spack-software/2023.11.20/linux-rhel8-x86_64/gcc-rh8-8.5.0/gcc-11.3.0-oedkmii7vhd6rbnqm6xufmg7d3jx4w6l/bin/gcc -c -g -O2  conftest.c >&5
configure:5523: $? = 0
configure:5539: result: yes
configure:5496: checking for strings.h
configure:5517: /cvmfs/hpcsw.umd.edu/spack-software/2023.11.20/linux-rhel8-x86_64/gcc-rh8-8.5.0/gcc-11.3.0-oedkmii7vhd6rbnqm6xufmg7d3jx4w6l/bin/gcc -c -g -O2  conftest.c >&5
configure:5523: $? = 0
configure:5539: result: yes
configure:5496: checking for inttypes.h
configure:5517: /cvmfs/hpcsw.umd.edu/spack-software/2023.11.20/linux-rhel8-x86_64/gcc-rh8-8.5.0/gcc-11.3.0-oedkmii7vhd6rbnqm6xufmg7d3jx4w6l/bin/gcc -c -g -O2  conftest.c >&5
configure:5523: $? = 0
configure:5539: result: yes
configure:5496: checking for stdint.h
configure:5517: /cvmfs/hpcsw.umd.edu/spack-software/2023.11.20/linux-rhel8-x86_64/gcc-rh8-8.5.0/gcc-11.3.0-oedkmii7vhd6rbnqm6xufmg7d3jx4w6l/bin/gcc -c -g -O2  conftest.c >&5
configure:5523: $? = 0
configure:5539: result: yes
configure:5496: checking for unistd.h
configure:5517: /cvmfs/hpcsw.umd.edu/spack-software/2023.11.20/linux-rhel8-x86_64/gcc-rh8-8.5.0/gcc-11.3.0-oedkmii7vhd6rbnqm6xufmg7d3jx4w6l/bin/gcc -c -g -O2  conftest.c >&5
configure:5523: $? = 0
configure:5539: result: yes
configure:5566: checking dlfcn.h usability
configure:5583: /cvmfs/hpcsw.umd.edu/spack-software/2023.11.20/linux-rhel8-x86_64/gcc-rh8-8.5.0/gcc-11.3.0-oedkmii7vhd6rbnqm6xufmg7d3jx4w6l/bin/gcc -c -g -O2  conftest.c >&5
configure:5589: $? = 0
configure:5603: result: yes
configure:5607: checking dlfcn.h presence
configure:5622: /cvmfs/hpcsw.umd.edu/spack-software/2023.11.20/linux-rhel8-x86_64/gcc-rh8-8.5.0/gcc-11.3.0-oedkmii7vhd6rbnqm6xufmg7d3jx4w6l/bin/gcc -E  conftest.c
configure:5628: $? = 0
configure:5642: result: yes
configure:5675: checking for dlfcn.h
configure:5683: result: yes
configure:5706: checking how to run the C++ preprocessor
configure:5742: /cvmfs/hpcsw.umd.edu/spack-software/2023.11.20/linux-rhel8-x86_64/gcc-rh8-8.5.0/gcc-11.3.0-oedkmii7vhd6rbnqm6xufmg7d3jx4w6l/bin/g++ -E  conftest.cpp
configure:5748: $? = 0
configure:5779: /cvmfs/hpcsw.umd.edu/spack-software/2023.11.20/linux-rhel8-x86_64/gcc-rh8-8.5.0/gcc-11.3.0-oedkmii7vhd6rbnqm6xufmg7d3jx4w6l/bin/g++ -E  conftest.cpp
conftest.cpp:21:10: fatal error: ac_nonexistent.h: No such file or directory
   21 | #include <ac_nonexistent.h>
      |          ^~~~~~~~~~~~~~~~~~
compilation terminated.
configure:5785: $? = 1
configure: failed program was:
| /* confdefs.h.  */
| #define PACKAGE_NAME "ch-htn-tools"
| #define PACKAGE_TARNAME "ch-htn-tools"
| #define PACKAGE_VERSION "1.1"
| #define PACKAGE_STRING "ch-htn-tools 1.1"
| #define PACKAGE_BUGREPORT "cmh204@lehigh.edu"
| #define PACKAGE "ch-htn-tools"
| #define VERSION "1.1"
| #define STDC_HEADERS 1
| #define HAVE_SYS_TYPES_H 1
| #define HAVE_SYS_STAT_H 1
| #define HAVE_STDLIB_H 1
| #define HAVE_STRING_H 1
| #define HAVE_MEMORY_H 1
| #define HAVE_STRINGS_H 1
| #define HAVE_INTTYPES_H 1
| #define HAVE_STDINT_H 1
| #define HAVE_UNISTD_H 1
| #define HAVE_DLFCN_H 1
| /* end confdefs.h.  */
| #include <ac_nonexistent.h>
configure:5818: result: /cvmfs/hpcsw.umd.edu/spack-software/2023.11.20/linux-rhel8-x86_64/gcc-rh8-8.5.0/gcc-11.3.0-oedkmii7vhd6rbnqm6xufmg7d3jx4w6l/bin/g++ -E
configure:5847: /cvmfs/hpcsw.umd.edu/spack-software/2023.11.20/linux-rhel8-x86_64/gcc-rh8-8.5.0/gcc-11.3.0-oedkmii7vhd6rbnqm6xufmg7d3jx4w6l/bin/g++ -E  conftest.cpp
configure:5853: $? = 0
configure:5884: /cvmfs/hpcsw.umd.edu/spack-software/2023.11.20/linux-rhel8-x86_64/gcc-rh8-8.5.0/gcc-11.3.0-oedkmii7vhd6rbnqm6xufmg7d3jx4w6l/bin/g++ -E  conftest.cpp
conftest.cpp:21:10: fatal error: ac_nonexistent.h: No such file or directory
   21 | #include <ac_nonexistent.h>
      |          ^~~~~~~~~~~~~~~~~~
compilation terminated.
configure:5890: $? = 1
configure: failed program was:
| /* confdefs.h.  */
| #define PACKAGE_NAME "ch-htn-tools"
| #define PACKAGE_TARNAME "ch-htn-tools"
| #define PACKAGE_VERSION "1.1"
| #define PACKAGE_STRING "ch-htn-tools 1.1"
| #define PACKAGE_BUGREPORT "cmh204@lehigh.edu"
| #define PACKAGE "ch-htn-tools"
| #define VERSION "1.1"
| #define STDC_HEADERS 1
| #define HAVE_SYS_TYPES_H 1
| #define HAVE_SYS_STAT_H 1
| #define HAVE_STDLIB_H 1
| #define HAVE_STRING_H 1
| #define HAVE_MEMORY_H 1
| #define HAVE_STRINGS_H 1
| #define HAVE_INTTYPES_H 1
| #define HAVE_STDINT_H 1
| #define HAVE_UNISTD_H 1
| #define HAVE_DLFCN_H 1
| /* end confdefs.h.  */
| #include <ac_nonexistent.h>
configure:6040: checking for Fortran 77 compiler version
configure:6047: /cvmfs/hpcsw.umd.edu/spack-software/2023.11.20/linux-rhel8-x86_64/gcc-rh8-8.5.0/gcc-11.3.0-oedkmii7vhd6rbnqm6xufmg7d3jx4w6l/bin/gfortran --version >&5
GNU Fortran (Spack GCC) 11.3.0
Copyright (C) 2021 Free Software Foundation, Inc.
This is free software; see the source for copying conditions.  There is NO
warranty; not even for MERCHANTABILITY or FITNESS FOR A PARTICULAR PURPOSE.

configure:6050: $? = 0
configure:6057: /cvmfs/hpcsw.umd.edu/spack-software/2023.11.20/linux-rhel8-x86_64/gcc-rh8-8.5.0/gcc-11.3.0-oedkmii7vhd6rbnqm6xufmg7d3jx4w6l/bin/gfortran -v >&5
Using built-in specs.
COLLECT_GCC=/cvmfs/hpcsw.umd.edu/spack-software/2023.11.20/linux-rhel8-x86_64/gcc-rh8-8.5.0/gcc-11.3.0-oedkmii7vhd6rbnqm6xufmg7d3jx4w6l/bin/gfortran
COLLECT_LTO_WRAPPER=/cvmfs/hpcsw.umd.edu/spack-software/2023.11.20/linux-rhel8-x86_64/gcc-rh8-8.5.0/gcc-11.3.0-oedkmii7vhd6rbnqm6xufmg7d3jx4w6l/libexec/gcc/x86_64-pc-linux-gnu/11.3.0/lto-wrapper
OFFLOAD_TARGET_NAMES=nvptx-none
Target: x86_64-pc-linux-gnu
Configured with: /tmp/d2spackswinst/spack-stage/spack-stage-gcc-11.3.0-oedkmii7vhd6rbnqm6xufmg7d3jx4w6l/spack-src/configure --prefix=/cvmfs/hpcsw.umd.edu/spack-software/2023.11.20/linux-rhel8-x86_64/gcc-rh8-8.5.0/gcc-11.3.0-oedkmii7vhd6rbnqm6xufmg7d3jx4w6l --with-pkgversion='Spack GCC' --with-bugurl=https://github.com/spack/spack/issues --disable-multilib --enable-languages=c,c++,fortran,lto --disable-nls --disable-canonical-system-headers --with-system-zlib --with-zstd-include=/cvmfs/hpcsw.umd.edu/spack-software/2023.11.20/linux-rhel8-x86_64/gcc-rh8-8.5.0/zstd-1.5.5-wzkkx43cqx2rgb2q4hsndijgoklcjjai/include --with-zstd-lib=/cvmfs/hpcsw.umd.edu/spack-software/2023.11.20/linux-rhel8-x86_64/gcc-rh8-8.5.0/zstd-1.5.5-wzkkx43cqx2rgb2q4hsndijgoklcjjai/lib --with-gnu-ld --with-ld=/cvmfs/hpcsw.umd.edu/spack-software/2023.11.20/linux-rhel8-x86_64/gcc-rh8-8.5.0/binutils-2.41-fwflc45p6lmk6rf7pyqumtvdqn65uj2n/bin/ld --with-gnu-as --with-as=/cvmfs/hpcsw.umd.edu/spack-software/2023.11.20/linux-rhel8-x86_64/gcc-rh8-8.5.0/binutils-2.41-fwflc45p6lmk6rf7pyqumtvdqn65uj2n/bin/as --disable-bootstrap --with-mpfr-include=/cvmfs/hpcsw.umd.edu/spack-software/2023.11.20/linux-rhel8-x86_64/gcc-rh8-8.5.0/mpfr-4.2.0-2k4ypikdq7xjkgyht3iojdcrxnju75qe/include --with-mpfr-lib=/cvmfs/hpcsw.umd.edu/spack-software/2023.11.20/linux-rhel8-x86_64/gcc-rh8-8.5.0/mpfr-4.2.0-2k4ypikdq7xjkgyht3iojdcrxnju75qe/lib --with-gmp-include=/cvmfs/hpcsw.umd.edu/spack-software/2023.11.20/linux-rhel8-x86_64/gcc-rh8-8.5.0/gmp-6.2.1-4bxnugzalt4xa5oq3dajpm2thfuftdrz/include --with-gmp-lib=/cvmfs/hpcsw.umd.edu/spack-software/2023.11.20/linux-rhel8-x86_64/gcc-rh8-8.5.0/gmp-6.2.1-4bxnugzalt4xa5oq3dajpm2thfuftdrz/lib --with-mpc-include=/cvmfs/hpcsw.umd.edu/spack-software/2023.11.20/linux-rhel8-x86_64/gcc-rh8-8.5.0/mpc-1.3.1-4oql5wieaf2x4osrcgszbjttcsdpea67/include --with-mpc-lib=/cvmfs/hpcsw.umd.edu/spack-software/2023.11.20/linux-rhel8-x86_64/gcc-rh8-8.5.0/mpc-1.3.1-4oql5wieaf2x4osrcgszbjttcsdpea67/lib --with-isl-include=/cvmfs/hpcsw.umd.edu/spack-software/2023.11.20/linux-rhel8-x86_64/gcc-rh8-8.5.0/isl-0.25-pim7bjwbxjkuf733xvszrxc3tgfjrnbg/include --with-isl-lib=/cvmfs/hpcsw.umd.edu/spack-software/2023.11.20/linux-rhel8-x86_64/gcc-rh8-8.5.0/isl-0.25-pim7bjwbxjkuf733xvszrxc3tgfjrnbg/lib --enable-offload-targets=nvptx-none --with-cuda-driver-include=/cvmfs/hpcsw.umd.edu/spack-software/2023.11.20/linux-rhel8-x86_64/gcc-rh8-8.5.0/cuda-11.8.0-spzi3caydhjq5vkoomztd6li63g73ngr/include --with-cuda-driver-lib=/cvmfs/hpcsw.umd.edu/spack-software/2023.11.20/linux-rhel8-x86_64/gcc-rh8-8.5.0/cuda-11.8.0-spzi3caydhjq5vkoomztd6li63g73ngr/lib64 --disable-bootstrap --disable-multilib --with-stage1-ldflags='-Wl,-rpath,/cvmfs/hpcsw.umd.edu/spack-software/2023.11.20/linux-rhel8-x86_64/gcc-rh8-8.5.0/gcc-11.3.0-oedkmii7vhd6rbnqm6xufmg7d3jx4w6l/lib -Wl,-rpath,/cvmfs/hpcsw.umd.edu/spack-software/2023.11.20/linux-rhel8-x86_64/gcc-rh8-8.5.0/gcc-11.3.0-oedkmii7vhd6rbnqm6xufmg7d3jx4w6l/lib64 -Wl,-rpath,/cvmfs/hpcsw.umd.edu/spack-software/2023.11.20/linux-rhel8-x86_64/gcc-rh8-8.5.0/binutils-2.41-fwflc45p6lmk6rf7pyqumtvdqn65uj2n/lib -Wl,-rpath,/cvmfs/hpcsw.umd.edu/spack-software/2023.11.20/linux-rhel8-x86_64/gcc-rh8-8.5.0/gmp-6.2.1-4bxnugzalt4xa5oq3dajpm2thfuftdrz/lib -Wl,-rpath,/cvmfs/hpcsw.umd.edu/spack-software/2023.11.20/linux-rhel8-x86_64/gcc-rh8-8.5.0/isl-0.25-pim7bjwbxjkuf733xvszrxc3tgfjrnbg/lib -Wl,-rpath,/cvmfs/hpcsw.umd.edu/spack-software/2023.11.20/linux-rhel8-x86_64/gcc-rh8-8.5.0/mpc-1.3.1-4oql5wieaf2x4osrcgszbjttcsdpea67/lib -Wl,-rpath,/cvmfs/hpcsw.umd.edu/spack-software/2023.11.20/linux-rhel8-x86_64/gcc-rh8-8.5.0/mpfr-4.2.0-2k4ypikdq7xjkgyht3iojdcrxnju75qe/lib -Wl,-rpath,/cvmfs/hpcsw.umd.edu/spack-software/2023.11.20/linux-rhel8-x86_64/gcc-rh8-8.5.0/zlib-ng-2.1.4-kal7qssrruepktmcryuvixfemov7pa4d/lib -Wl,-rpath,/cvmfs/hpcsw.umd.edu/spack-software/2023.11.20/linux-rhel8-x86_64/gcc-rh8-8.5.0/zstd-1.5.5-wzkkx43cqx2rgb2q4hsndijgoklcjjai/lib -Wl,-rpath,/cvmfs/hpcsw.umd.edu/spack-software/2023.11.20/linux-rhel8-x86_64/gcc-rh8-8.5.0/cuda-11.8.0-spzi3caydhjq5vkoomztd6li63g73ngr/lib64' --with-boot-ldflags='-Wl,-rpath,/cvmfs/hpcsw.umd.edu/spack-software/2023.11.20/linux-rhel8-x86_64/gcc-rh8-8.5.0/gcc-11.3.0-oedkmii7vhd6rbnqm6xufmg7d3jx4w6l/lib -Wl,-rpath,/cvmfs/hpcsw.umd.edu/spack-software/2023.11.20/linux-rhel8-x86_64/gcc-rh8-8.5.0/gcc-11.3.0-oedkmii7vhd6rbnqm6xufmg7d3jx4w6l/lib64 -Wl,-rpath,/cvmfs/hpcsw.umd.edu/spack-software/2023.11.20/linux-rhel8-x86_64/gcc-rh8-8.5.0/binutils-2.41-fwflc45p6lmk6rf7pyqumtvdqn65uj2n/lib -Wl,-rpath,/cvmfs/hpcsw.umd.edu/spack-software/2023.11.20/linux-rhel8-x86_64/gcc-rh8-8.5.0/gmp-6.2.1-4bxnugzalt4xa5oq3dajpm2thfuftdrz/lib -Wl,-rpath,/cvmfs/hpcsw.umd.edu/spack-software/2023.11.20/linux-rhel8-x86_64/gcc-rh8-8.5.0/isl-0.25-pim7bjwbxjkuf733xvszrxc3tgfjrnbg/lib -Wl,-rpath,/cvmfs/hpcsw.umd.edu/spack-software/2023.11.20/linux-rhel8-x86_64/gcc-rh8-8.5.0/mpc-1.3.1-4oql5wieaf2x4osrcgszbjttcsdpea67/lib -Wl,-rpath,/cvmfs/hpcsw.umd.edu/spack-software/2023.11.20/linux-rhel8-x86_64/gcc-rh8-8.5.0/mpfr-4.2.0-2k4ypikdq7xjkgyht3iojdcrxnju75qe/lib -Wl,-rpath,/cvmfs/hpcsw.umd.edu/spack-software/2023.11.20/linux-rhel8-x86_64/gcc-rh8-8.5.0/zlib-ng-2.1.4-kal7qssrruepktmcryuvixfemov7pa4d/lib -Wl,-rpath,/cvmfs/hpcsw.umd.edu/spack-software/2023.11.20/linux-rhel8-x86_64/gcc-rh8-8.5.0/zstd-1.5.5-wzkkx43cqx2rgb2q4hsndijgoklcjjai/lib -Wl,-rpath,/cvmfs/hpcsw.umd.edu/spack-software/2023.11.20/linux-rhel8-x86_64/gcc-rh8-8.5.0/cuda-11.8.0-spzi3caydhjq5vkoomztd6li63g73ngr/lib64 -static-libstdc++ -static-libgcc' --with-build-config=spack
Thread model: posix
Supported LTO compression algorithms: zlib zstd
gcc version 11.3.0 (Spack GCC) 
configure:6060: $? = 0
configure:6067: /cvmfs/hpcsw.umd.edu/spack-software/2023.11.20/linux-rhel8-x86_64/gcc-rh8-8.5.0/gcc-11.3.0-oedkmii7vhd6rbnqm6xufmg7d3jx4w6l/bin/gfortran -V >&5
gfortran: error: unrecognized command-line option '-V'
gfortran: fatal error: no input files
compilation terminated.
configure:6070: $? = 1
configure:6078: checking whether we are using the GNU Fortran 77 compiler
configure:6097: /cvmfs/hpcsw.umd.edu/spack-software/2023.11.20/linux-rhel8-x86_64/gcc-rh8-8.5.0/gcc-11.3.0-oedkmii7vhd6rbnqm6xufmg7d3jx4w6l/bin/gfortran -c  conftest.F >&5
configure:6103: $? = 0
configure:6120: result: yes
configure:6126: checking whether /cvmfs/hpcsw.umd.edu/spack-software/2023.11.20/linux-rhel8-x86_64/gcc-rh8-8.5.0/gcc-11.3.0-oedkmii7vhd6rbnqm6xufmg7d3jx4w6l/bin/gfortran accepts -g
configure:6143: /cvmfs/hpcsw.umd.edu/spack-software/2023.11.20/linux-rhel8-x86_64/gcc-rh8-8.5.0/gcc-11.3.0-oedkmii7vhd6rbnqm6xufmg7d3jx4w6l/bin/gfortran -c -g conftest.f >&5
configure:6149: $? = 0
configure:6165: result: yes
configure:6194: checking the maximum length of command line arguments
configure:6306: result: 1572864
configure:6318: checking command to parse /usr/bin/nm -B output from /cvmfs/hpcsw.umd.edu/spack-software/2023.11.20/linux-rhel8-x86_64/gcc-rh8-8.5.0/gcc-11.3.0-oedkmii7vhd6rbnqm6xufmg7d3jx4w6l/bin/gcc object
configure:6423: /cvmfs/hpcsw.umd.edu/spack-software/2023.11.20/linux-rhel8-x86_64/gcc-rh8-8.5.0/gcc-11.3.0-oedkmii7vhd6rbnqm6xufmg7d3jx4w6l/bin/gcc -c -g -O2  conftest.c >&5
configure:6426: $? = 0
configure:6430: /usr/bin/nm -B conftest.o \| sed -n -e 's/^.*[ 	]\([ABCDGIRSTW][ABCDGIRSTW]*\)[ 	][ 	]*\([_A-Za-z][_A-Za-z0-9]*\)$/\1 \2 \2/p' \> conftest.nm
configure:6433: $? = 0
configure:6485: /cvmfs/hpcsw.umd.edu/spack-software/2023.11.20/linux-rhel8-x86_64/gcc-rh8-8.5.0/gcc-11.3.0-oedkmii7vhd6rbnqm6xufmg7d3jx4w6l/bin/gcc -o conftest -g -O2   conftest.c conftstm.o >&5
configure:6488: $? = 0
configure:6526: result: ok
configure:6530: checking for objdir
configure:6545: result: .libs
configure:6637: checking for ar
configure:6653: found /usr/bin/ar
configure:6664: result: ar
configure:6733: checking for ranlib
configure:6749: found /usr/bin/ranlib
configure:6760: result: ranlib
configure:6829: checking for strip
configure:6845: found /usr/bin/strip
configure:6856: result: strip
configure:7454: checking if /cvmfs/hpcsw.umd.edu/spack-software/2023.11.20/linux-rhel8-x86_64/gcc-rh8-8.5.0/gcc-11.3.0-oedkmii7vhd6rbnqm6xufmg7d3jx4w6l/bin/gcc supports -fno-rtti -fno-exceptions
configure:7472: /cvmfs/hpcsw.umd.edu/spack-software/2023.11.20/linux-rhel8-x86_64/gcc-rh8-8.5.0/gcc-11.3.0-oedkmii7vhd6rbnqm6xufmg7d3jx4w6l/bin/gcc -c -g -O2  -fno-rtti -fno-exceptions conftest.c >&5
cc1: warning: command-line option '-fno-rtti' is valid for C++/D/ObjC++ but not for C
configure:7476: $? = 0
configure:7489: result: no
configure:7504: checking for /cvmfs/hpcsw.umd.edu/spack-software/2023.11.20/linux-rhel8-x86_64/gcc-rh8-8.5.0/gcc-11.3.0-oedkmii7vhd6rbnqm6xufmg7d3jx4w6l/bin/gcc option to produce PIC
configure:7736: result: -fPIC
configure:7744: checking if /cvmfs/hpcsw.umd.edu/spack-software/2023.11.20/linux-rhel8-x86_64/gcc-rh8-8.5.0/gcc-11.3.0-oedkmii7vhd6rbnqm6xufmg7d3jx4w6l/bin/gcc PIC flag -fPIC works
configure:7762: /cvmfs/hpcsw.umd.edu/spack-software/2023.11.20/linux-rhel8-x86_64/gcc-rh8-8.5.0/gcc-11.3.0-oedkmii7vhd6rbnqm6xufmg7d3jx4w6l/bin/gcc -c -g -O2  -fPIC -DPIC conftest.c >&5
configure:7766: $? = 0
configure:7779: result: yes
configure:7807: checking if /cvmfs/hpcsw.umd.edu/spack-software/2023.11.20/linux-rhel8-x86_64/gcc-rh8-8.5.0/gcc-11.3.0-oedkmii7vhd6rbnqm6xufmg7d3jx4w6l/bin/gcc static flag -static works
configure:7835: result: no
configure:7845: checking if /cvmfs/hpcsw.umd.edu/spack-software/2023.11.20/linux-rhel8-x86_64/gcc-rh8-8.5.0/gcc-11.3.0-oedkmii7vhd6rbnqm6xufmg7d3jx4w6l/bin/gcc supports -c -o file.o
configure:7866: /cvmfs/hpcsw.umd.edu/spack-software/2023.11.20/linux-rhel8-x86_64/gcc-rh8-8.5.0/gcc-11.3.0-oedkmii7vhd6rbnqm6xufmg7d3jx4w6l/bin/gcc -c -g -O2  -o out/conftest2.o conftest.c >&5
configure:7870: $? = 0
configure:7892: result: yes
configure:7918: checking whether the /cvmfs/hpcsw.umd.edu/spack-software/2023.11.20/linux-rhel8-x86_64/gcc-rh8-8.5.0/gcc-11.3.0-oedkmii7vhd6rbnqm6xufmg7d3jx4w6l/bin/gcc linker (/cvmfs/hpcsw.umd.edu/spack-software/2023.11.20/linux-rhel8-x86_64/gcc-rh8-8.5.0/binutils-2.41-fwflc45p6lmk6rf7pyqumtvdqn65uj2n/bin/ld -m elf_x86_64) supports shared libraries
configure:8899: result: yes
configure:8920: checking whether -lc should be explicitly linked in
configure:8925: /cvmfs/hpcsw.umd.edu/spack-software/2023.11.20/linux-rhel8-x86_64/gcc-rh8-8.5.0/gcc-11.3.0-oedkmii7vhd6rbnqm6xufmg7d3jx4w6l/bin/gcc -c -g -O2  conftest.c >&5
configure:8928: $? = 0
configure:8943: /cvmfs/hpcsw.umd.edu/spack-software/2023.11.20/linux-rhel8-x86_64/gcc-rh8-8.5.0/gcc-11.3.0-oedkmii7vhd6rbnqm6xufmg7d3jx4w6l/bin/gcc -shared conftest.o  -v -Wl,-soname -Wl,conftest -o conftest 2\>\&1 \| grep  -lc  \>/dev/null 2\>\&1
configure:8946: $? = 0
configure:8958: result: no
configure:8966: checking dynamic linker characteristics
configure:9580: result: GNU/Linux ld.so
configure:9604: checking how to hardcode library paths into programs
configure:9629: result: immediate
configure:9643: checking whether stripping libraries is possible
configure:9648: result: yes
configure:10450: checking if libtool supports shared libraries
configure:10452: result: yes
configure:10455: checking whether to build shared libraries
configure:10476: result: yes
configure:10479: checking whether to build static libraries
configure:10483: result: yes
configure:10577: creating libtool
configure:11170: checking for ld used by /cvmfs/hpcsw.umd.edu/spack-software/2023.11.20/linux-rhel8-x86_64/gcc-rh8-8.5.0/gcc-11.3.0-oedkmii7vhd6rbnqm6xufmg7d3jx4w6l/bin/g++
configure:11237: result: /cvmfs/hpcsw.umd.edu/spack-software/2023.11.20/linux-rhel8-x86_64/gcc-rh8-8.5.0/binutils-2.41-fwflc45p6lmk6rf7pyqumtvdqn65uj2n/bin/ld -m elf_x86_64
configure:11246: checking if the linker (/cvmfs/hpcsw.umd.edu/spack-software/2023.11.20/linux-rhel8-x86_64/gcc-rh8-8.5.0/binutils-2.41-fwflc45p6lmk6rf7pyqumtvdqn65uj2n/bin/ld -m elf_x86_64) is GNU ld
configure:11261: result: yes
configure:11312: checking whether the /cvmfs/hpcsw.umd.edu/spack-software/2023.11.20/linux-rhel8-x86_64/gcc-rh8-8.5.0/gcc-11.3.0-oedkmii7vhd6rbnqm6xufmg7d3jx4w6l/bin/g++ linker (/cvmfs/hpcsw.umd.edu/spack-software/2023.11.20/linux-rhel8-x86_64/gcc-rh8-8.5.0/binutils-2.41-fwflc45p6lmk6rf7pyqumtvdqn65uj2n/bin/ld -m elf_x86_64) supports shared libraries
configure:12258: result: yes
configure:12275: /cvmfs/hpcsw.umd.edu/spack-software/2023.11.20/linux-rhel8-x86_64/gcc-rh8-8.5.0/gcc-11.3.0-oedkmii7vhd6rbnqm6xufmg7d3jx4w6l/bin/g++ -c -g -O2  conftest.cpp >&5
configure:12278: $? = 0
configure:12434: checking for /cvmfs/hpcsw.umd.edu/spack-software/2023.11.20/linux-rhel8-x86_64/gcc-rh8-8.5.0/gcc-11.3.0-oedkmii7vhd6rbnqm6xufmg7d3jx4w6l/bin/g++ option to produce PIC
configure:12718: result: -fPIC
configure:12726: checking if /cvmfs/hpcsw.umd.edu/spack-software/2023.11.20/linux-rhel8-x86_64/gcc-rh8-8.5.0/gcc-11.3.0-oedkmii7vhd6rbnqm6xufmg7d3jx4w6l/bin/g++ PIC flag -fPIC works
configure:12744: /cvmfs/hpcsw.umd.edu/spack-software/2023.11.20/linux-rhel8-x86_64/gcc-rh8-8.5.0/gcc-11.3.0-oedkmii7vhd6rbnqm6xufmg7d3jx4w6l/bin/g++ -c -g -O2  -fPIC -DPIC conftest.cpp >&5
configure:12748: $? = 0
configure:12761: result: yes
configure:12789: checking if /cvmfs/hpcsw.umd.edu/spack-software/2023.11.20/linux-rhel8-x86_64/gcc-rh8-8.5.0/gcc-11.3.0-oedkmii7vhd6rbnqm6xufmg7d3jx4w6l/bin/g++ static flag -static works
configure:12817: result: no
configure:12827: checking if /cvmfs/hpcsw.umd.edu/spack-software/2023.11.20/linux-rhel8-x86_64/gcc-rh8-8.5.0/gcc-11.3.0-oedkmii7vhd6rbnqm6xufmg7d3jx4w6l/bin/g++ supports -c -o file.o
configure:12848: /cvmfs/hpcsw.umd.edu/spack-software/2023.11.20/linux-rhel8-x86_64/gcc-rh8-8.5.0/gcc-11.3.0-oedkmii7vhd6rbnqm6xufmg7d3jx4w6l/bin/g++ -c -g -O2  -o out/conftest2.o conftest.cpp >&5
configure:12852: $? = 0
configure:12874: result: yes
configure:12900: checking whether the /cvmfs/hpcsw.umd.edu/spack-software/2023.11.20/linux-rhel8-x86_64/gcc-rh8-8.5.0/gcc-11.3.0-oedkmii7vhd6rbnqm6xufmg7d3jx4w6l/bin/g++ linker (/cvmfs/hpcsw.umd.edu/spack-software/2023.11.20/linux-rhel8-x86_64/gcc-rh8-8.5.0/binutils-2.41-fwflc45p6lmk6rf7pyqumtvdqn65uj2n/bin/ld -m elf_x86_64) supports shared libraries
configure:12929: result: yes
configure:12996: checking dynamic linker characteristics
configure:13558: result: GNU/Linux ld.so
configure:13582: checking how to hardcode library paths into programs
configure:13607: result: immediate
configure:14146: checking if libtool supports shared libraries
configure:14148: result: yes
configure:14151: checking whether to build shared libraries
configure:14171: result: yes
configure:14174: checking whether to build static libraries
configure:14178: result: yes
configure:14188: checking for /cvmfs/hpcsw.umd.edu/spack-software/2023.11.20/linux-rhel8-x86_64/gcc-rh8-8.5.0/gcc-11.3.0-oedkmii7vhd6rbnqm6xufmg7d3jx4w6l/bin/gfortran option to produce PIC
configure:14420: result: -fPIC
configure:14428: checking if /cvmfs/hpcsw.umd.edu/spack-software/2023.11.20/linux-rhel8-x86_64/gcc-rh8-8.5.0/gcc-11.3.0-oedkmii7vhd6rbnqm6xufmg7d3jx4w6l/bin/gfortran PIC flag -fPIC works
configure:14446: /cvmfs/hpcsw.umd.edu/spack-software/2023.11.20/linux-rhel8-x86_64/gcc-rh8-8.5.0/gcc-11.3.0-oedkmii7vhd6rbnqm6xufmg7d3jx4w6l/bin/gfortran -c -g -O2 -fPIC conftest.f >&5
configure:14450: $? = 0
configure:14463: result: yes
configure:14491: checking if /cvmfs/hpcsw.umd.edu/spack-software/2023.11.20/linux-rhel8-x86_64/gcc-rh8-8.5.0/gcc-11.3.0-oedkmii7vhd6rbnqm6xufmg7d3jx4w6l/bin/gfortran static flag -static works
configure:14519: result: no
configure:14529: checking if /cvmfs/hpcsw.umd.edu/spack-software/2023.11.20/linux-rhel8-x86_64/gcc-rh8-8.5.0/gcc-11.3.0-oedkmii7vhd6rbnqm6xufmg7d3jx4w6l/bin/gfortran supports -c -o file.o
configure:14550: /cvmfs/hpcsw.umd.edu/spack-software/2023.11.20/linux-rhel8-x86_64/gcc-rh8-8.5.0/gcc-11.3.0-oedkmii7vhd6rbnqm6xufmg7d3jx4w6l/bin/gfortran -c -g -O2 -o out/conftest2.o conftest.f >&5
configure:14554: $? = 0
configure:14576: result: yes
configure:14602: checking whether the /cvmfs/hpcsw.umd.edu/spack-software/2023.11.20/linux-rhel8-x86_64/gcc-rh8-8.5.0/gcc-11.3.0-oedkmii7vhd6rbnqm6xufmg7d3jx4w6l/bin/gfortran linker (/cvmfs/hpcsw.umd.edu/spack-software/2023.11.20/linux-rhel8-x86_64/gcc-rh8-8.5.0/binutils-2.41-fwflc45p6lmk6rf7pyqumtvdqn65uj2n/bin/ld -m elf_x86_64) supports shared libraries
configure:15563: result: yes
configure:15630: checking dynamic linker characteristics
configure:16192: result: GNU/Linux ld.so
configure:16216: checking how to hardcode library paths into programs
configure:16241: result: immediate
configure:19882: checking sstream usability
configure:19899: /cvmfs/hpcsw.umd.edu/spack-software/2023.11.20/linux-rhel8-x86_64/gcc-rh8-8.5.0/gcc-11.3.0-oedkmii7vhd6rbnqm6xufmg7d3jx4w6l/bin/g++ -c -g -O2  conftest.cpp >&5
configure:19905: $? = 0
configure:19919: result: yes
configure:19923: checking sstream presence
configure:19938: /cvmfs/hpcsw.umd.edu/spack-software/2023.11.20/linux-rhel8-x86_64/gcc-rh8-8.5.0/gcc-11.3.0-oedkmii7vhd6rbnqm6xufmg7d3jx4w6l/bin/g++ -E  conftest.cpp
configure:19944: $? = 0
configure:19958: result: yes
configure:19991: checking for sstream
configure:19999: result: yes
configure:20027: checking strstream usability
configure:20044: /cvmfs/hpcsw.umd.edu/spack-software/2023.11.20/linux-rhel8-x86_64/gcc-rh8-8.5.0/gcc-11.3.0-oedkmii7vhd6rbnqm6xufmg7d3jx4w6l/bin/g++ -c -g -O2  conftest.cpp >&5
In file included from /cvmfs/hpcsw.umd.edu/spack-software/2023.11.20/linux-rhel8-x86_64/gcc-rh8-8.5.0/gcc-11.3.0-oedkmii7vhd6rbnqm6xufmg7d3jx4w6l/lib/gcc/x86_64-pc-linux-gnu/11.3.0/../../../../include/c++/11.3.0/backward/strstream:50,
                 from conftest.cpp:55:
/cvmfs/hpcsw.umd.edu/spack-software/2023.11.20/linux-rhel8-x86_64/gcc-rh8-8.5.0/gcc-11.3.0-oedkmii7vhd6rbnqm6xufmg7d3jx4w6l/lib/gcc/x86_64-pc-linux-gnu/11.3.0/../../../../include/c++/11.3.0/backward/backward_warning.h:32:2: warning: #warning This file includes at least one deprecated or antiquated header which may be removed without further notice at a future date. Please use a non-deprecated interface with equivalent functionality instead. For a listing of replacement headers and interfaces, consult the file backward_warning.h. To disable this warning use -Wno-deprecated. [-Wcpp]
   32 | #warning \
      |  ^~~~~~~
configure:20050: $? = 0
configure:20064: result: yes
configure:20068: checking strstream presence
configure:20083: /cvmfs/hpcsw.umd.edu/spack-software/2023.11.20/linux-rhel8-x86_64/gcc-rh8-8.5.0/gcc-11.3.0-oedkmii7vhd6rbnqm6xufmg7d3jx4w6l/bin/g++ -E  conftest.cpp
In file included from /cvmfs/hpcsw.umd.edu/spack-software/2023.11.20/linux-rhel8-x86_64/gcc-rh8-8.5.0/gcc-11.3.0-oedkmii7vhd6rbnqm6xufmg7d3jx4w6l/lib/gcc/x86_64-pc-linux-gnu/11.3.0/../../../../include/c++/11.3.0/backward/strstream:50,
                 from conftest.cpp:22:
/cvmfs/hpcsw.umd.edu/spack-software/2023.11.20/linux-rhel8-x86_64/gcc-rh8-8.5.0/gcc-11.3.0-oedkmii7vhd6rbnqm6xufmg7d3jx4w6l/lib/gcc/x86_64-pc-linux-gnu/11.3.0/../../../../include/c++/11.3.0/backward/backward_warning.h:32:2: warning: #warning This file includes at least one deprecated or antiquated header which may be removed without further notice at a future date. Please use a non-deprecated interface with equivalent functionality instead. For a listing of replacement headers and interfaces, consult the file backward_warning.h. To disable this warning use -Wno-deprecated. [-Wcpp]
   32 | #warning \
      |  ^~~~~~~
configure:20089: $? = 0
configure:20103: result: yes
configure:20136: checking for strstream
configure:20144: result: yes
configure:20165: checking for stdbool.h that conforms to C99
configure:20258: /cvmfs/hpcsw.umd.edu/spack-software/2023.11.20/linux-rhel8-x86_64/gcc-rh8-8.5.0/gcc-11.3.0-oedkmii7vhd6rbnqm6xufmg7d3jx4w6l/bin/gcc -c -g -O2  conftest.c >&5
configure:20264: $? = 0
configure:20279: result: yes
configure:20281: checking for _Bool
configure:20311: /cvmfs/hpcsw.umd.edu/spack-software/2023.11.20/linux-rhel8-x86_64/gcc-rh8-8.5.0/gcc-11.3.0-oedkmii7vhd6rbnqm6xufmg7d3jx4w6l/bin/gcc -c -g -O2  conftest.c >&5
configure:20317: $? = 0
configure:20332: result: yes
configure:20351: checking for an ANSI C-conforming const
configure:20426: /cvmfs/hpcsw.umd.edu/spack-software/2023.11.20/linux-rhel8-x86_64/gcc-rh8-8.5.0/gcc-11.3.0-oedkmii7vhd6rbnqm6xufmg7d3jx4w6l/bin/gcc -c -g -O2  conftest.c >&5
configure:20432: $? = 0
configure:20447: result: yes
configure:20457: checking for size_t
configure:20487: /cvmfs/hpcsw.umd.edu/spack-software/2023.11.20/linux-rhel8-x86_64/gcc-rh8-8.5.0/gcc-11.3.0-oedkmii7vhd6rbnqm6xufmg7d3jx4w6l/bin/gcc -c -g -O2  conftest.c >&5
configure:20493: $? = 0
configure:20508: result: yes
configure:20522: checking for error_at_line
configure:20548: /cvmfs/hpcsw.umd.edu/spack-software/2023.11.20/linux-rhel8-x86_64/gcc-rh8-8.5.0/gcc-11.3.0-oedkmii7vhd6rbnqm6xufmg7d3jx4w6l/bin/gcc -o conftest -g -O2   conftest.c  >&5
configure:20554: $? = 0
configure:20571: result: yes
configure:20693: checking for doxygen
configure:20726: result: no
configure:20750: WARNING: doxygen not found - will not generate any doxygen documentation
configure:20803: checking for perl
configure:20821: found /usr/bin/perl
configure:20833: result: /usr/bin/perl
configure:22871: creating ./config.status

## ---------------------- ##
## Running config.status. ##
## ---------------------- ##

This file was extended by ch-htn-tools config.status 1.1, which was
generated by GNU Autoconf 2.61.  Invocation command line was

  CONFIG_FILES    = 
  CONFIG_HEADERS  = 
  CONFIG_LINKS    = 
  CONFIG_COMMANDS = 
  $ ./config.status 

on login-2.zaratan.umd.edu

config.status:731: creating Makefile
config.status:731: creating config.h
config.status:962: config.h is unchanged
config.status:1009: executing depfiles commands

## ---------------- ##
## Cache variables. ##
## ---------------- ##

ac_cv_build=x86_64-unknown-linux-gnu
ac_cv_c_compiler_gnu=yes
ac_cv_c_const=yes
ac_cv_cxx_compiler_gnu=yes
ac_cv_env_CCC_set=
ac_cv_env_CCC_value=
ac_cv_env_CC_set=set
ac_cv_env_CC_value=/cvmfs/hpcsw.umd.edu/spack-software/2023.11.20/linux-rhel8-x86_64/gcc-rh8-8.5.0/gcc-11.3.0-oedkmii7vhd6rbnqm6xufmg7d3jx4w6l/bin/gcc
ac_cv_env_CFLAGS_set=
ac_cv_env_CFLAGS_value=
ac_cv_env_CPPFLAGS_set=
ac_cv_env_CPPFLAGS_value=
ac_cv_env_CPP_set=
ac_cv_env_CPP_value=
ac_cv_env_CXXCPP_set=
ac_cv_env_CXXCPP_value=
ac_cv_env_CXXFLAGS_set=
ac_cv_env_CXXFLAGS_value=
ac_cv_env_CXX_set=set
ac_cv_env_CXX_value=/cvmfs/hpcsw.umd.edu/spack-software/2023.11.20/linux-rhel8-x86_64/gcc-rh8-8.5.0/gcc-11.3.0-oedkmii7vhd6rbnqm6xufmg7d3jx4w6l/bin/g++
ac_cv_env_DOXYGEN_PAPER_SIZE_set=
ac_cv_env_DOXYGEN_PAPER_SIZE_value=
ac_cv_env_F77_set=set
ac_cv_env_F77_value=/cvmfs/hpcsw.umd.edu/spack-software/2023.11.20/linux-rhel8-x86_64/gcc-rh8-8.5.0/gcc-11.3.0-oedkmii7vhd6rbnqm6xufmg7d3jx4w6l/bin/gfortran
ac_cv_env_FFLAGS_set=
ac_cv_env_FFLAGS_value=
ac_cv_env_LDFLAGS_set=
ac_cv_env_LDFLAGS_value=
ac_cv_env_LIBS_set=
ac_cv_env_LIBS_value=
ac_cv_env_build_alias_set=
ac_cv_env_build_alias_value=
ac_cv_env_host_alias_set=
ac_cv_env_host_alias_value=
ac_cv_env_target_alias_set=
ac_cv_env_target_alias_value=
ac_cv_f77_compiler_gnu=yes
ac_cv_header_dlfcn_h=yes
ac_cv_header_inttypes_h=yes
ac_cv_header_memory_h=yes
ac_cv_header_sstream=yes
ac_cv_header_stdbool_h=yes
ac_cv_header_stdc=yes
ac_cv_header_stdint_h=yes
ac_cv_header_stdlib_h=yes
ac_cv_header_string_h=yes
ac_cv_header_strings_h=yes
ac_cv_header_strstream=yes
ac_cv_header_sys_stat_h=yes
ac_cv_header_sys_types_h=yes
ac_cv_header_unistd_h=yes
ac_cv_host=x86_64-unknown-linux-gnu
ac_cv_lib_error_at_line=yes
ac_cv_objext=o
ac_cv_path_EGREP='/usr/bin/grep -E'
ac_cv_path_GREP=/usr/bin/grep
ac_cv_path_ac_pt_DX_PERL=/usr/bin/perl
ac_cv_path_install='/usr/bin/install -c'
ac_cv_path_mkdir=/usr/bin/mkdir
ac_cv_prog_AWK=gawk
ac_cv_prog_CPP='/cvmfs/hpcsw.umd.edu/spack-software/2023.11.20/linux-rhel8-x86_64/gcc-rh8-8.5.0/gcc-11.3.0-oedkmii7vhd6rbnqm6xufmg7d3jx4w6l/bin/gcc -E'
ac_cv_prog_CXXCPP='/cvmfs/hpcsw.umd.edu/spack-software/2023.11.20/linux-rhel8-x86_64/gcc-rh8-8.5.0/gcc-11.3.0-oedkmii7vhd6rbnqm6xufmg7d3jx4w6l/bin/g++ -E'
ac_cv_prog_ac_ct_AR=ar
ac_cv_prog_ac_ct_CC=/cvmfs/hpcsw.umd.edu/spack-software/2023.11.20/linux-rhel8-x86_64/gcc-rh8-8.5.0/gcc-11.3.0-oedkmii7vhd6rbnqm6xufmg7d3jx4w6l/bin/gcc
ac_cv_prog_ac_ct_RANLIB=ranlib
ac_cv_prog_ac_ct_STRIP=strip
ac_cv_prog_cc_c89=
ac_cv_prog_cc_g=yes
ac_cv_prog_cxx_g=yes
ac_cv_prog_f77_g=yes
ac_cv_prog_make_make_set=yes
ac_cv_type__Bool=yes
ac_cv_type_size_t=yes
am_cv_CC_dependencies_compiler_type=gcc3
am_cv_CXX_dependencies_compiler_type=gcc3
lt_cv_deplibs_check_method=pass_all
lt_cv_file_magic_cmd='$MAGIC_CMD'
lt_cv_file_magic_test_file=
lt_cv_ld_reload_flag=-r
lt_cv_objdir=.libs
lt_cv_path_LD=/cvmfs/hpcsw.umd.edu/spack-software/2023.11.20/linux-rhel8-x86_64/gcc-rh8-8.5.0/binutils-2.41-fwflc45p6lmk6rf7pyqumtvdqn65uj2n/bin/ld
lt_cv_path_LDCXX='/cvmfs/hpcsw.umd.edu/spack-software/2023.11.20/linux-rhel8-x86_64/gcc-rh8-8.5.0/binutils-2.41-fwflc45p6lmk6rf7pyqumtvdqn65uj2n/bin/ld -m elf_x86_64'
lt_cv_path_NM='/usr/bin/nm -B'
lt_cv_path_SED=/usr/bin/sed
lt_cv_prog_compiler_c_o=yes
lt_cv_prog_compiler_c_o_CXX=yes
lt_cv_prog_compiler_c_o_F77=yes
lt_cv_prog_compiler_pic_works=yes
lt_cv_prog_compiler_pic_works_CXX=yes
lt_cv_prog_compiler_pic_works_F77=yes
lt_cv_prog_compiler_rtti_exceptions=no
lt_cv_prog_compiler_static_works=no
lt_cv_prog_compiler_static_works_CXX=no
lt_cv_prog_compiler_static_works_F77=no
lt_cv_prog_gnu_ld=yes
lt_cv_prog_gnu_ldcxx=yes
lt_cv_sys_global_symbol_pipe='sed -n -e '\''s/^.*[ 	]\([ABCDGIRSTW][ABCDGIRSTW]*\)[ 	][ 	]*\([_A-Za-z][_A-Za-z0-9]*\)$/\1 \2 \2/p'\'''
lt_cv_sys_global_symbol_to_c_name_address='sed -n -e '\''s/^: \([^ ]*\) $/  {\"\1\", (lt_ptr) 0},/p'\'' -e '\''s/^[BCDEGRST] \([^ ]*\) \([^ ]*\)$/  {"\2", (lt_ptr) \&\2},/p'\'''
lt_cv_sys_global_symbol_to_cdecl='sed -n -e '\''s/^. .* \(.*\)$/extern int \1;/p'\'''
lt_cv_sys_lib_dlsearch_path_spec='/lib /usr/lib /usr/lib64/atlas /opt/mellanox/hcoll/lib /usr/lib64/heimdal/lib                /usr/lib64/llvm17/lib/ /opt/mellanox/sharp/lib /opt/dell/srvadmin/lib64 /opt/dell/srvadmin/lib64/openmanage /opt/dell/srvadmin/lib64 /opt/dell/srvadmin/lib64 /opt/dell/srvadmin/lib64/srvadmin-idrac7 /opt/dell/srvadmin/lib64 /opt/dell/srvadmin/lib64/srvadmin-isvc /opt/dell/srvadmin/lib64 /opt/dell/srvadmin/lib64 /opt/dell/srvadmin/lib64/openmanage /opt/dell/srvadmin/lib64 /opt/dell/srvadmin/lib64/openmanage /opt/dell/srvadmin/lib64 /opt/dell/srvadmin/lib64 /opt/dell/srvadmin/lib64/openmanage /opt/dell/srvadmin/lib64/openmanage/smpop /opt/dell/srvadmin/lib64 '
lt_cv_sys_lib_search_path_spec='/cvmfs/hpcsw.umd.edu/spack-software/2023.11.20/linux-rhel8-x86_64/gcc-rh8-8.5.0/gcc-11.3.0-oedkmii7vhd6rbnqm6xufmg7d3jx4w6l/lib64 /cvmfs/hpcsw.umd.edu/spack-software/2023.11.20/linux-rhel8-x86_64/gcc-rh8-8.5.0/gcc-11.3.0-oedkmii7vhd6rbnqm6xufmg7d3jx4w6l/lib/gcc/x86_64-pc-linux-gnu/11.3.0 /lib64 /usr/lib64'
lt_cv_sys_max_cmd_len=1572864
lt_lt_cv_prog_compiler_c_o='"yes"'
lt_lt_cv_prog_compiler_c_o_CXX='"yes"'
lt_lt_cv_prog_compiler_c_o_F77='"yes"'
lt_lt_cv_sys_global_symbol_pipe='"sed -n -e '\''s/^.*[ 	]\\([ABCDGIRSTW][ABCDGIRSTW]*\\)[ 	][ 	]*\\([_A-Za-z][_A-Za-z0-9]*\\)\$/\\1 \\2 \\2/p'\''"'
lt_lt_cv_sys_global_symbol_to_c_name_address='"sed -n -e '\''s/^: \\([^ ]*\\) \$/  {\\\"\\1\\\", (lt_ptr) 0},/p'\'' -e '\''s/^[BCDEGRST] \\([^ ]*\\) \\([^ ]*\\)\$/  {\"\\2\", (lt_ptr) \\&\\2},/p'\''"'
lt_lt_cv_sys_global_symbol_to_cdecl='"sed -n -e '\''s/^. .* \\(.*\\)\$/extern int \\1;/p'\''"'

## ----------------- ##
## Output variables. ##
## ----------------- ##

ACLOCAL='${SHELL} /home/rli12314/scratch/CLAMA/HTNMakerC/missing --run aclocal-1.10'
AMDEPBACKSLASH='\'
AMDEP_FALSE='#'
AMDEP_TRUE=''
AMTAR='${SHELL} /home/rli12314/scratch/CLAMA/HTNMakerC/missing --run tar'
AR='ar'
AUTOCONF='${SHELL} /home/rli12314/scratch/CLAMA/HTNMakerC/missing --run autoconf'
AUTOHEADER='${SHELL} /home/rli12314/scratch/CLAMA/HTNMakerC/missing --run autoheader'
AUTOMAKE='${SHELL} /home/rli12314/scratch/CLAMA/HTNMakerC/missing --run automake-1.10'
AWK='gawk'
CC='/cvmfs/hpcsw.umd.edu/spack-software/2023.11.20/linux-rhel8-x86_64/gcc-rh8-8.5.0/gcc-11.3.0-oedkmii7vhd6rbnqm6xufmg7d3jx4w6l/bin/gcc'
CCDEPMODE='depmode=gcc3'
CFLAGS='-g -O2'
CPP='/cvmfs/hpcsw.umd.edu/spack-software/2023.11.20/linux-rhel8-x86_64/gcc-rh8-8.5.0/gcc-11.3.0-oedkmii7vhd6rbnqm6xufmg7d3jx4w6l/bin/gcc -E'
CPPFLAGS=''
CXX='/cvmfs/hpcsw.umd.edu/spack-software/2023.11.20/linux-rhel8-x86_64/gcc-rh8-8.5.0/gcc-11.3.0-oedkmii7vhd6rbnqm6xufmg7d3jx4w6l/bin/g++'
CXXCPP='/cvmfs/hpcsw.umd.edu/spack-software/2023.11.20/linux-rhel8-x86_64/gcc-rh8-8.5.0/gcc-11.3.0-oedkmii7vhd6rbnqm6xufmg7d3jx4w6l/bin/g++ -E'
CXXDEPMODE='depmode=gcc3'
CXXFLAGS='-g -O2'
CYGPATH_W='echo'
DEFS='-DHAVE_CONFIG_H'
DEPDIR='.deps'
DOXYGEN_PAPER_SIZE=''
DSYMUTIL=''
DX_COND_chi_FALSE=''
DX_COND_chi_TRUE='#'
DX_COND_chm_FALSE=''
DX_COND_chm_TRUE='#'
DX_COND_doc_FALSE=''
DX_COND_doc_TRUE='#'
DX_COND_dot_FALSE=''
DX_COND_dot_TRUE='#'
DX_COND_html_FALSE=''
DX_COND_html_TRUE='#'
DX_COND_latex_FALSE=''
DX_COND_latex_TRUE='#'
DX_COND_man_FALSE=''
DX_COND_man_TRUE='#'
DX_COND_pdf_FALSE=''
DX_COND_pdf_TRUE='#'
DX_COND_ps_FALSE=''
DX_COND_ps_TRUE='#'
DX_COND_rtf_FALSE=''
DX_COND_rtf_TRUE='#'
DX_COND_xml_FALSE=''
DX_COND_xml_TRUE='#'
DX_CONFIG='doxygen.cfg'
DX_DOCDIR='doxygen-doc'
DX_DOT=''
DX_DOXYGEN=''
DX_DVIPS=''
DX_EGREP=''
DX_ENV=' SRCDIR='\''.'\'' PROJECT='\''test'\'' DOCDIR='\''doxygen-doc'\'' VERSION='\''1.1'\'' HAVE_DOT='\''NO'\'' GENERATE_MAN='\''NO'\'' GENERATE_RTF='\''NO'\'' GENERATE_XML='\''NO'\'' GENERATE_HTMLHELP='\''NO'\'' GENERATE_CHI='\''NO'\'' GENERATE_HTML='\''NO'\'' GENERATE_LATEX='\''NO'\'''
DX_FLAG_[]DX_CURRENT_FEATURE='[]DX_CURRENT_FEATURE'
DX_FLAG_[]DX_CURRENT_FEATURE='[]DX_CURRENT_FEATURE'
DX_FLAG_[]DX_CURRENT_FEATURE='[]DX_CURRENT_FEATURE'
DX_FLAG_[]DX_CURRENT_FEATURE='[]DX_CURRENT_FEATURE'
DX_FLAG_[]DX_CURRENT_FEATURE='[]DX_CURRENT_FEATURE'
DX_FLAG_[]DX_CURRENT_FEATURE='[]DX_CURRENT_FEATURE'
DX_FLAG_[]DX_CURRENT_FEATURE='[]DX_CURRENT_FEATURE'
DX_FLAG_[]DX_CURRENT_FEATURE='[]DX_CURRENT_FEATURE'
DX_FLAG_[]DX_CURRENT_FEATURE='[]DX_CURRENT_FEATURE'
DX_FLAG_[]DX_CURRENT_FEATURE='[]DX_CURRENT_FEATURE'
DX_FLAG_[]DX_CURRENT_FEATURE='[]DX_CURRENT_FEATURE'
DX_FLAG_[]DX_CURRENT_FEATURE='[]DX_CURRENT_FEATURE'
DX_FLAG_[]DX_CURRENT_FEATURE='[]DX_CURRENT_FEATURE'
DX_FLAG_[]DX_CURRENT_FEATURE='[]DX_CURRENT_FEATURE'
DX_FLAG_[]DX_CURRENT_FEATURE='[]DX_CURRENT_FEATURE'
DX_FLAG_[]DX_CURRENT_FEATURE='[]DX_CURRENT_FEATURE'
DX_FLAG_[]DX_CURRENT_FEATURE='[]DX_CURRENT_FEATURE'
DX_FLAG_[]DX_CURRENT_FEATURE='[]DX_CURRENT_FEATURE'
DX_FLAG_[]DX_CURRENT_FEATURE='[]DX_CURRENT_FEATURE'
DX_FLAG_[]DX_CURRENT_FEATURE='[]DX_CURRENT_FEATURE'
DX_FLAG_[]DX_CURRENT_FEATURE='[]DX_CURRENT_FEATURE'
DX_FLAG_chi='0'
DX_FLAG_chm='0'
DX_FLAG_doc='0'
DX_FLAG_dot='0'
DX_FLAG_html='0'
DX_FLAG_man='0'
DX_FLAG_pdf='0'
DX_FLAG_ps='0'
DX_FLAG_rtf='0'
DX_FLAG_xml='0'
DX_HHC=''
DX_LATEX=''
DX_MAKEINDEX=''
DX_PDFLATEX=''
DX_PERL='/usr/bin/perl'
DX_PROJECT='test'
ECHO='echo'
ECHO_C=''
ECHO_N='-n'
ECHO_T=''
EGREP='/usr/bin/grep -E'
EXEEXT=''
F77='/cvmfs/hpcsw.umd.edu/spack-software/2023.11.20/linux-rhel8-x86_64/gcc-rh8-8.5.0/gcc-11.3.0-oedkmii7vhd6rbnqm6xufmg7d3jx4w6l/bin/gfortran'
FFLAGS='-g -O2'
GREP='/usr/bin/grep'
INSTALL_DATA='${INSTALL} -m 644'
INSTALL_PROGRAM='${INSTALL}'
INSTALL_SCRIPT='${INSTALL}'
INSTALL_STRIP_PROGRAM='$(install_sh) -c -s'
LDFLAGS=''
LIBOBJS=''
LIBS=''
LIBTOOL='$(SHELL) $(top_builddir)/libtool'
LN_S='ln -s'
LTLIBOBJS=''
MAKEINFO='${SHELL} /home/rli12314/scratch/CLAMA/HTNMakerC/missing --run makeinfo'
NMEDIT=''
OBJEXT='o'
PACKAGE='ch-htn-tools'
PACKAGE_BUGREPORT='cmh204@lehigh.edu'
PACKAGE_NAME='ch-htn-tools'
PACKAGE_STRING='ch-htn-tools 1.1'
PACKAGE_TARNAME='ch-htn-tools'
PACKAGE_VERSION='1.1'
PATH_SEPARATOR=':'
RANLIB='ranlib'
SED='/usr/bin/sed'
SET_MAKE=''
SHELL='/bin/sh'
STRIP='strip'
VERSION='1.1'
ac_ct_CC='/cvmfs/hpcsw.umd.edu/spack-software/2023.11.20/linux-rhel8-x86_64/gcc-rh8-8.5.0/gcc-11.3.0-oedkmii7vhd6rbnqm6xufmg7d3jx4w6l/bin/gcc'
ac_ct_CXX=''
ac_ct_F77=''
am__fastdepCC_FALSE='#'
am__fastdepCC_TRUE=''
am__fastdepCXX_FALSE='#'
am__fastdepCXX_TRUE=''
am__include='include'
am__isrc=''
am__leading_dot='.'
am__quote=''
am__tar='${AMTAR} chof - "$$tardir"'
am__untar='${AMTAR} xf -'
bindir='${exec_prefix}/bin'
build='x86_64-unknown-linux-gnu'
build_alias=''
build_cpu='x86_64'
build_os='linux-gnu'
build_vendor='unknown'
datadir='${datarootdir}'
datarootdir='${prefix}/share'
docdir='${datarootdir}/doc/${PACKAGE_TARNAME}'
dvidir='${docdir}'
exec_prefix='${prefix}'
host='x86_64-unknown-linux-gnu'
host_alias=''
host_cpu='x86_64'
host_os='linux-gnu'
host_vendor='unknown'
htmldir='${docdir}'
includedir='${prefix}/include'
infodir='${datarootdir}/info'
install_sh='$(SHELL) /home/rli12314/scratch/CLAMA/HTNMakerC/install-sh'
libdir='${exec_prefix}/lib'
libexecdir='${exec_prefix}/libexec'
localedir='${datarootdir}/locale'
localstatedir='${prefix}/var'
mandir='${datarootdir}/man'
mkdir_p='/usr/bin/mkdir -p'
oldincludedir='/usr/include'
pdfdir='${docdir}'
prefix='/usr/local'
program_transform_name='s,x,x,'
psdir='${docdir}'
sbindir='${exec_prefix}/sbin'
sharedstatedir='${prefix}/com'
sysconfdir='${prefix}/etc'
target_alias=''

## ----------- ##
## confdefs.h. ##
## ----------- ##

#define PACKAGE_NAME "ch-htn-tools"
#define PACKAGE_TARNAME "ch-htn-tools"
#define PACKAGE_VERSION "1.1"
#define PACKAGE_STRING "ch-htn-tools 1.1"
#define PACKAGE_BUGREPORT "cmh204@lehigh.edu"
#define PACKAGE "ch-htn-tools"
#define VERSION "1.1"
#define STDC_HEADERS 1
#define HAVE_SYS_TYPES_H 1
#define HAVE_SYS_STAT_H 1
#define HAVE_STDLIB_H 1
#define HAVE_STRING_H 1
#define HAVE_MEMORY_H 1
#define HAVE_STRINGS_H 1
#define HAVE_INTTYPES_H 1
#define HAVE_STDINT_H 1
#define HAVE_UNISTD_H 1
#define HAVE_DLFCN_H 1
#define HAVE_SSTREAM 1
#define HAVE_STRSTREAM 1
#define HAVE__BOOL 1
#define HAVE_STDBOOL_H 1

configure: exit 0
